#
# There is insufficient memory for the Java Runtime Environment to continue.
# Native memory allocation (mmap) failed to map 108003328 bytes for committing reserved memory.
# Possible reasons:
#   The system is out of physical RAM or swap space
#   The process is running with CompressedOops enabled, and the Java Heap may be blocking the growth of the native heap
# Possible solutions:
#   Reduce memory load on the system
#   Increase physical memory or swap space
#   Check if swap backing store is full
#   Decrease Java heap size (-Xmx/-Xms)
#   Decrease number of Java threads
#   Decrease Java thread stack sizes (-Xss)
#   Set larger code cache with -XX:ReservedCodeCacheSize=
#   JVM is running with Unscaled Compressed Oops mode in which the Java heap is
#     placed in the first 4GB address space. The Java Heap base address is the
#     maximum limit for the native heap growth. Please use -XX:HeapBaseMinAddress
#     to set the Java Heap base and to place the Java Heap above 4GB virtual address.
# This output file may be truncated or incomplete.
#
#  Out of Memory Error (os_linux.cpp:2884), pid=29073, tid=29082
#
# JRE version: OpenJDK Runtime Environment (11.0.4+11) (build 11.0.4+11)
# Java VM: OpenJDK 64-Bit Server VM (11.0.4+11, mixed mode, tiered, compressed oops, g1 gc, linux-amd64)
# Core dump will be written. Default location: Core dumps may be processed with "/usr/share/apport/apport %p %s %c %d %P" (or dumping to /home/eduardo/projects/conversorpapelhigienico/android/core.29073)
#

---------------  S U M M A R Y ------------

Command Line: --add-opens=java.base/java.util=ALL-UNNAMED --add-opens=java.base/java.lang=ALL-UNNAMED --add-opens=java.base/java.lang.invoke=ALL-UNNAMED --add-opens=java.prefs/java.util.prefs=ALL-UNNAMED -XX:MaxMetaspaceSize=256m -XX:+HeapDumpOnOutOfMemoryError -Xms256m -Xmx512m -Dfile.encoding=UTF-8 -Duser.country=US -Duser.language=en -Duser.variant org.gradle.launcher.daemon.bootstrap.GradleDaemon 5.5

Host: Intel(R) Core(TM) i5-3210M CPU @ 2.50GHz, 4 cores, 5G, Ubuntu 18.04.3 LTS
Time: Thu Sep 26 23:34:27 2019 -03 elapsed time: 122 seconds (0d 0h 2m 2s)

---------------  T H R E A D  ---------------

Current thread (0x00007f5010195000):  VMThread "VM Thread" [stack: 0x00007f4ff0573000,0x00007f4ff0673000] [id=29082]

Stack: [0x00007f4ff0573000,0x00007f4ff0673000],  sp=0x00007f4ff0670f80,  free space=1015k
Native frames: (J=compiled Java code, A=aot compiled Java code, j=interpreted, Vv=VM code, C=native code)
V  [libjvm.so+0xe22044]  VMError::report_and_die(int, char const*, char const*, __va_list_tag*, Thread*, unsigned char*, void*, void*, char const*, int, unsigned long)+0x314
V  [libjvm.so+0xe22cab]  VMError::report_and_die(Thread*, char const*, int, unsigned long, VMErrorType, char const*, __va_list_tag*)+0x2b
V  [libjvm.so+0x68e045]  report_vm_out_of_memory(char const*, int, unsigned long, VMErrorType, char const*, ...)+0xd5
V  [libjvm.so+0xbfbda8]  os::pd_commit_memory_or_exit(char*, unsigned long, unsigned long, bool, char const*)+0x108
V  [libjvm.so+0xbf2c7d]  os::commit_memory_or_exit(char*, unsigned long, unsigned long, bool, char const*)+0x1d
V  [libjvm.so+0x7ab9fc]  G1PageBasedVirtualSpace::commit_preferred_pages(unsigned long, unsigned long)+0x6c
V  [libjvm.so+0x7abc9e]  G1PageBasedVirtualSpace::commit(unsigned long, unsigned long)+0x5e
V  [libjvm.so+0x7b7d10]  G1RegionsLargerThanCommitSizeMapper::commit_regions(unsigned int, unsigned long, WorkGang*)+0x40
V  [libjvm.so+0x8339b9]  HeapRegionManager::commit_regions(unsigned int, unsigned long, WorkGang*)+0x89
V  [libjvm.so+0x834612]  HeapRegionManager::make_regions_available(unsigned int, unsigned int, WorkGang*)+0x42
V  [libjvm.so+0x834a79]  HeapRegionManager::expand_at(unsigned int, unsigned int, WorkGang*) [clone .part.22]+0x119
V  [libjvm.so+0x769c3f]  G1CollectedHeap::expand(unsigned long, WorkGang*, double*)+0xdf
V  [libjvm.so+0x76e9ca]  G1CollectedHeap::do_collection_pause_at_safepoint(double)+0xa9a
V  [libjvm.so+0xe2dde1]  VM_G1CollectForAllocation::doit()+0x81
V  [libjvm.so+0xe2c977]  VM_Operation::evaluate()+0xe7
V  [libjvm.so+0xe2a166]  VMThread::evaluate_operation(VM_Operation*) [clone .constprop.66]+0xb6
V  [libjvm.so+0xe2a698]  VMThread::loop()+0x428
V  [libjvm.so+0xe2aae3]  VMThread::run()+0x73
V  [libjvm.so+0xdb93aa]  Thread::call_run()+0x13a
V  [libjvm.so+0xc01c9e]  thread_native_entry(Thread*)+0xee

VM_Operation (0x00007f4fe1a12760): G1CollectForAllocation, mode: safepoint, requested by thread 0x00007f501116a000


---------------  P R O C E S S  ---------------

Threads class SMR info:
_java_thread_list=0x00007f4f780067d0, length=30, elements={
0x00007f5010012000, 0x00007f501019d000, 0x00007f50101a1800, 0x00007f50101b5000,
0x00007f50101b7000, 0x00007f50101b9000, 0x00007f50101bb000, 0x00007f501025f000,
0x00007f5010264000, 0x00007f501116a000, 0x00007f50111d1800, 0x00007f5011205800,
0x00007f4fa4017000, 0x00007f4f9c003800, 0x00007f4f9c006800, 0x00007f4f9c008800,
0x00007f4f8800a800, 0x00007f4f8800f000, 0x00007f4f88015000, 0x00007f4f880f0000,
0x00007f4f880f6000, 0x00007f4f880f9800, 0x00007f4f883cc800, 0x00007f4f88bfe800,
0x00007f4f88c11000, 0x00007f4f88c31000, 0x00007f4f88d59000, 0x00007f4f88d5d800,
0x00007f4f88d5f000, 0x00007f4f88d61000
}

Java Threads: ( => current thread )
  0x00007f5010012000 JavaThread "main" [_thread_blocked, id=29076, stack(0x00007f5017846000,0x00007f5017947000)]
  0x00007f501019d000 JavaThread "Reference Handler" daemon [_thread_blocked, id=29083, stack(0x00007f4ff0470000,0x00007f4ff0571000)]
  0x00007f50101a1800 JavaThread "Finalizer" daemon [_thread_blocked, id=29084, stack(0x00007f4ff036f000,0x00007f4ff0470000)]
  0x00007f50101b5000 JavaThread "Signal Dispatcher" daemon [_thread_blocked, id=29085, stack(0x00007f4fe36ff000,0x00007f4fe3800000)]
  0x00007f50101b7000 JavaThread "C2 CompilerThread0" daemon [_thread_blocked, id=29086, stack(0x00007f4fe35fe000,0x00007f4fe36ff000)]
  0x00007f50101b9000 JavaThread "C1 CompilerThread0" daemon [_thread_blocked, id=29087, stack(0x00007f4fe34fd000,0x00007f4fe35fe000)]
  0x00007f50101bb000 JavaThread "Sweeper thread" daemon [_thread_blocked, id=29088, stack(0x00007f4fe33fc000,0x00007f4fe34fd000)]
  0x00007f501025f000 JavaThread "Common-Cleaner" daemon [_thread_blocked, id=29089, stack(0x00007f4fe32fb000,0x00007f4fe33fc000)]
  0x00007f5010264000 JavaThread "Service Thread" daemon [_thread_blocked, id=29090, stack(0x00007f4fe31fa000,0x00007f4fe32fb000)]
  0x00007f501116a000 JavaThread "Daemon health stats" [_thread_blocked, id=29095, stack(0x00007f4fe1914000,0x00007f4fe1a15000)]
  0x00007f50111d1800 JavaThread "Incoming local TCP Connector on port 43973" [_thread_in_native, id=29096, stack(0x00007f4fe1410000,0x00007f4fe1511000)]
  0x00007f5011205800 JavaThread "Daemon periodic checks" [_thread_blocked, id=29097, stack(0x00007f4fe130f000,0x00007f4fe1410000)]
  0x00007f4fa4017000 JavaThread "Daemon" [_thread_blocked, id=29098, stack(0x00007f4fe120e000,0x00007f4fe130f000)]
  0x00007f4f9c003800 JavaThread "Handler for socket connection from /0:0:0:0:0:0:0:1:43973 to /0:0:0:0:0:0:0:1:43380" [_thread_in_native, id=29099, stack(0x00007f4fe110d000,0x00007f4fe120e000)]
  0x00007f4f9c006800 JavaThread "Cancel handler" [_thread_blocked, id=29100, stack(0x00007f4fe100c000,0x00007f4fe110d000)]
  0x00007f4f9c008800 JavaThread "Daemon worker" [_thread_blocked, id=29101, stack(0x00007f4fe0f0b000,0x00007f4fe100c000)]
  0x00007f4f8800a800 JavaThread "Asynchronous log dispatcher for DefaultDaemonConnection: socket connection from /0:0:0:0:0:0:0:1:43973 to /0:0:0:0:0:0:0:1:43380" [_thread_blocked, id=29104, stack(0x00007f4fe0c0a000,0x00007f4fe0d0b000)]
  0x00007f4f8800f000 JavaThread "Stdin handler" [_thread_blocked, id=29105, stack(0x00007f4fe0b09000,0x00007f4fe0c0a000)]
  0x00007f4f88015000 JavaThread "Thread-8" [_thread_blocked, id=29106, stack(0x00007f4fe0a08000,0x00007f4fe0b09000)]
  0x00007f4f880f0000 JavaThread "Cache worker for file hash cache (/home/eduardo/.gradle/caches/5.5/fileHashes)" [_thread_blocked, id=29107, stack(0x00007f4fe0907000,0x00007f4fe0a08000)]
  0x00007f4f880f6000 JavaThread "File lock request listener" [_thread_in_native, id=29108, stack(0x00007f4fe0806000,0x00007f4fe0907000)]
  0x00007f4f880f9800 JavaThread "Cache worker for journal cache (/home/eduardo/.gradle/caches/journal-1)" [_thread_blocked, id=29109, stack(0x00007f4fe0705000,0x00007f4fe0806000)]
  0x00007f4f883cc800 JavaThread "Cache worker for file hash cache (/home/eduardo/projects/conversorpapelhigienico/android/.gradle/5.5/fileHashes)" [_thread_blocked, id=29111, stack(0x00007f4fe0097000,0x00007f4fe0198000)]
  0x00007f4f88bfe800 JavaThread "Cache worker for cache directory md-supplier (/home/eduardo/.gradle/caches/5.5/md-supplier)" [_thread_blocked, id=29127, stack(0x00007f4fe0204000,0x00007f4fe0305000)]
  0x00007f4f88c11000 JavaThread "Cache worker for cache directory md-rule (/home/eduardo/.gradle/caches/5.5/md-rule)" [_thread_blocked, id=29128, stack(0x00007f4f76eff000,0x00007f4f77000000)]
  0x00007f4f88c31000 JavaThread "Cache worker for execution history cache (/home/eduardo/.gradle/caches/5.5/executionHistory)" [_thread_blocked, id=29129, stack(0x00007f4f76dfe000,0x00007f4f76eff000)]
  0x00007f4f88d59000 JavaThread "Build operations" [_thread_blocked, id=29130, stack(0x00007f4f768fd000,0x00007f4f769fe000)]
  0x00007f4f88d5d800 JavaThread "Build operations Thread 2" [_thread_blocked, id=29131, stack(0x00007f4f767fc000,0x00007f4f768fd000)]
  0x00007f4f88d5f000 JavaThread "Build operations Thread 3" [_thread_blocked, id=29132, stack(0x00007f4f766fb000,0x00007f4f767fc000)]
  0x00007f4f88d61000 JavaThread "Build operations Thread 4" [_thread_blocked, id=29133, stack(0x00007f4f765fa000,0x00007f4f766fb000)]

Other Threads:
=>0x00007f5010195000 VMThread "VM Thread" [stack: 0x00007f4ff0573000,0x00007f4ff0673000] [id=29082]
  0x00007f5010266800 WatcherThread [stack: 0x00007f4fe30fa000,0x00007f4fe31fa000] [id=29091]
  0x00007f501003a000 GCTaskThread "GC Thread#0" [stack: 0x00007f4ff8681000,0x00007f4ff8781000] [id=29077]
  0x00007f4fd8001000 GCTaskThread "GC Thread#1" [stack: 0x00007f4fe2228000,0x00007f4fe2328000] [id=29092]
  0x00007f4fd8002800 GCTaskThread "GC Thread#2" [stack: 0x00007f4fe2126000,0x00007f4fe2226000] [id=29093]
  0x00007f4fd8004000 GCTaskThread "GC Thread#3" [stack: 0x00007f4fe2024000,0x00007f4fe2124000] [id=29094]
  0x00007f501004a800 ConcurrentGCThread "G1 Main Marker" [stack: 0x00007f4ff2e00000,0x00007f4ff2f00000] [id=29078]
  0x00007f501004c800 ConcurrentGCThread "G1 Conc#0" [stack: 0x00007f4ff2cfe000,0x00007f4ff2dfe000] [id=29079]
  0x00007f5010125800 ConcurrentGCThread "G1 Refine#0" [stack: 0x00007f4ff07f8000,0x00007f4ff08f8000] [id=29080]
  0x00007f5010127800 ConcurrentGCThread "G1 Young RemSet Sampling" [stack: 0x00007f4ff06f6000,0x00007f4ff07f6000] [id=29081]

Threads with active compile tasks:
C2 CompilerThread04431       4       java.util.ComparableTimSort::countRunAndMakeAscending (123 bytes)
C1 CompilerThread04462       3       javax.management.ObjectName::construct (1135 bytes)

VM state:at safepoint (normal execution)

VM Mutex/Monitor currently owned by a thread:  ([mutex/lock_event])
[0x00007f501000e620] Threads_lock - owner thread: 0x00007f5010195000
[0x00007f501000ed70] Heap_lock - owner thread: 0x00007f501116a000

Heap address: 0x00000000e0000000, size: 512 MB, Compressed Oops mode: 32-bit
Narrow klass base: 0x0000000000000000, Narrow klass shift: 3
Compressed class space size: 260046848 Address: 0x0000000100000000

Heap:
 garbage-first heap   total 367616K, used 26826K [0x00000000e0000000, 0x0000000100000000)
  region size 1024K, 1 young (1024K), 1 survivors (1024K)
 Metaspace       used 44925K, capacity 45790K, committed 46156K, reserved 294912K
  class space    used 5597K, capacity 5933K, committed 6016K, reserved 253952K
Heap Regions: E=young(eden), S=young(survivor), O=old, HS=humongous(starts), HC=humongous(continues), CS=collection set, F=free, A=archive, TAMS=top-at-mark-start (previous, next)
|   0|0x00000000e0000000, 0x00000000e0100000, 0x00000000e0100000|100%| O|  |TAMS 0x00000000e0100000, 0x00000000e0000000| Untracked 
|   1|0x00000000e0100000, 0x00000000e0200000, 0x00000000e0200000|100%| O|  |TAMS 0x00000000e0200000, 0x00000000e0100000| Untracked 
|   2|0x00000000e0200000, 0x00000000e0300000, 0x00000000e0300000|100%|HS|  |TAMS 0x00000000e0300000, 0x00000000e0200000| Complete 
|   3|0x00000000e0300000, 0x00000000e0400000, 0x00000000e0400000|100%|HS|  |TAMS 0x00000000e0400000, 0x00000000e0300000| Complete 
|   4|0x00000000e0400000, 0x00000000e0500000, 0x00000000e0500000|100%|HC|  |TAMS 0x00000000e0500000, 0x00000000e0400000| Complete 
|   5|0x00000000e0500000, 0x00000000e0600000, 0x00000000e0600000|100%| O|  |TAMS 0x00000000e0600000, 0x00000000e0500000| Untracked 
|   6|0x00000000e0600000, 0x00000000e0700000, 0x00000000e0700000|100%| O|  |TAMS 0x00000000e0700000, 0x00000000e0600000| Untracked 
|   7|0x00000000e0700000, 0x00000000e0800000, 0x00000000e0800000|100%| O|  |TAMS 0x00000000e0800000, 0x00000000e0700000| Untracked 
|   8|0x00000000e0800000, 0x00000000e0900000, 0x00000000e0900000|100%| O|  |TAMS 0x00000000e0900000, 0x00000000e0800000| Untracked 
|   9|0x00000000e0900000, 0x00000000e0a00000, 0x00000000e0a00000|100%| O|  |TAMS 0x00000000e0a00000, 0x00000000e0900000| Untracked 
|  10|0x00000000e0a00000, 0x00000000e0b00000, 0x00000000e0b00000|100%| O|  |TAMS 0x00000000e0b00000, 0x00000000e0a00000| Untracked 
|  11|0x00000000e0b00000, 0x00000000e0c00000, 0x00000000e0c00000|100%| O|  |TAMS 0x00000000e0c00000, 0x00000000e0b00000| Untracked 
|  12|0x00000000e0c00000, 0x00000000e0d00000, 0x00000000e0d00000|100%| O|  |TAMS 0x00000000e0d00000, 0x00000000e0c00000| Untracked 
|  13|0x00000000e0d00000, 0x00000000e0e00000, 0x00000000e0e00000|100%| O|  |TAMS 0x00000000e0e00000, 0x00000000e0d00000| Untracked 
|  14|0x00000000e0e00000, 0x00000000e0f00000, 0x00000000e0f00000|100%| O|  |TAMS 0x00000000e0f00000, 0x00000000e0e00000| Untracked 
|  15|0x00000000e0f00000, 0x00000000e1000000, 0x00000000e1000000|100%| O|  |TAMS 0x00000000e0f0f600, 0x00000000e0f00000| Untracked 
|  16|0x00000000e1000000, 0x00000000e1100000, 0x00000000e1100000|100%| O|  |TAMS 0x00000000e1000000, 0x00000000e1000000| Untracked 
|  17|0x00000000e1100000, 0x00000000e1200000, 0x00000000e1200000|100%| O|  |TAMS 0x00000000e1100000, 0x00000000e1100000| Untracked 
|  18|0x00000000e1200000, 0x00000000e1300000, 0x00000000e1300000|100%| O|  |TAMS 0x00000000e1200000, 0x00000000e1200000| Untracked 
|  19|0x00000000e1300000, 0x00000000e1400000, 0x00000000e1400000|100%| O|  |TAMS 0x00000000e1300000, 0x00000000e1300000| Untracked 
|  20|0x00000000e1400000, 0x00000000e1500000, 0x00000000e1500000|100%| O|  |TAMS 0x00000000e1400000, 0x00000000e1400000| Untracked 
|  21|0x00000000e1500000, 0x00000000e1600000, 0x00000000e1600000|100%| O|  |TAMS 0x00000000e1500000, 0x00000000e1500000| Untracked 
|  22|0x00000000e1600000, 0x00000000e1700000, 0x00000000e1700000|100%| O|  |TAMS 0x00000000e1600000, 0x00000000e1600000| Untracked 
|  23|0x00000000e1700000, 0x00000000e1800000, 0x00000000e1800000|100%| O|  |TAMS 0x00000000e1700000, 0x00000000e1700000| Untracked 
|  24|0x00000000e1800000, 0x00000000e1900000, 0x00000000e1900000|100%| O|  |TAMS 0x00000000e1800000, 0x00000000e1800000| Untracked 
|  25|0x00000000e1900000, 0x00000000e1a00000, 0x00000000e1a00000|100%| O|  |TAMS 0x00000000e1900000, 0x00000000e1900000| Untracked 
|  26|0x00000000e1a00000, 0x00000000e1a00000, 0x00000000e1b00000|  0%| F|  |TAMS 0x00000000e1a00000, 0x00000000e1a00000| Untracked 
|  27|0x00000000e1b00000, 0x00000000e1b00000, 0x00000000e1c00000|  0%| F|  |TAMS 0x00000000e1b00000, 0x00000000e1b00000| Untracked 
|  28|0x00000000e1c00000, 0x00000000e1c00000, 0x00000000e1d00000|  0%| F|  |TAMS 0x00000000e1c00000, 0x00000000e1c00000| Untracked 
|  29|0x00000000e1d00000, 0x00000000e1d00000, 0x00000000e1e00000|  0%| F|  |TAMS 0x00000000e1d00000, 0x00000000e1d00000| Untracked 
|  30|0x00000000e1e00000, 0x00000000e1e00000, 0x00000000e1f00000|  0%| F|  |TAMS 0x00000000e1e00000, 0x00000000e1e00000| Untracked 
|  31|0x00000000e1f00000, 0x00000000e1f00000, 0x00000000e2000000|  0%| F|  |TAMS 0x00000000e1f00000, 0x00000000e1f00000| Untracked 
|  32|0x00000000e2000000, 0x00000000e2000000, 0x00000000e2100000|  0%| F|  |TAMS 0x00000000e2000000, 0x00000000e2000000| Untracked 
|  33|0x00000000e2100000, 0x00000000e2100000, 0x00000000e2200000|  0%| F|  |TAMS 0x00000000e2100000, 0x00000000e2100000| Untracked 
|  34|0x00000000e2200000, 0x00000000e2200000, 0x00000000e2300000|  0%| F|  |TAMS 0x00000000e2200000, 0x00000000e2200000| Untracked 
|  35|0x00000000e2300000, 0x00000000e2300000, 0x00000000e2400000|  0%| F|  |TAMS 0x00000000e2300000, 0x00000000e2300000| Untracked 
|  36|0x00000000e2400000, 0x00000000e2400000, 0x00000000e2500000|  0%| F|  |TAMS 0x00000000e2400000, 0x00000000e2400000| Untracked 
|  37|0x00000000e2500000, 0x00000000e2500000, 0x00000000e2600000|  0%| F|  |TAMS 0x00000000e2500000, 0x00000000e2500000| Untracked 
|  38|0x00000000e2600000, 0x00000000e2600000, 0x00000000e2700000|  0%| F|  |TAMS 0x00000000e2600000, 0x00000000e2600000| Untracked 
|  39|0x00000000e2700000, 0x00000000e2700000, 0x00000000e2800000|  0%| F|  |TAMS 0x00000000e2700000, 0x00000000e2700000| Untracked 
|  40|0x00000000e2800000, 0x00000000e2800000, 0x00000000e2900000|  0%| F|  |TAMS 0x00000000e2800000, 0x00000000e2800000| Untracked 
|  41|0x00000000e2900000, 0x00000000e2900000, 0x00000000e2a00000|  0%| F|  |TAMS 0x00000000e2900000, 0x00000000e2900000| Untracked 
|  42|0x00000000e2a00000, 0x00000000e2a00000, 0x00000000e2b00000|  0%| F|  |TAMS 0x00000000e2a00000, 0x00000000e2a00000| Untracked 
|  43|0x00000000e2b00000, 0x00000000e2b00000, 0x00000000e2c00000|  0%| F|  |TAMS 0x00000000e2b00000, 0x00000000e2b00000| Untracked 
|  44|0x00000000e2c00000, 0x00000000e2c00000, 0x00000000e2d00000|  0%| F|  |TAMS 0x00000000e2c00000, 0x00000000e2c00000| Untracked 
|  45|0x00000000e2d00000, 0x00000000e2d00000, 0x00000000e2e00000|  0%| F|  |TAMS 0x00000000e2d00000, 0x00000000e2d00000| Untracked 
|  46|0x00000000e2e00000, 0x00000000e2e00000, 0x00000000e2f00000|  0%| F|  |TAMS 0x00000000e2e00000, 0x00000000e2e00000| Untracked 
|  47|0x00000000e2f00000, 0x00000000e2f00000, 0x00000000e3000000|  0%| F|  |TAMS 0x00000000e2f00000, 0x00000000e2f00000| Untracked 
|  48|0x00000000e3000000, 0x00000000e3000000, 0x00000000e3100000|  0%| F|  |TAMS 0x00000000e3000000, 0x00000000e3000000| Untracked 
|  49|0x00000000e3100000, 0x00000000e3100000, 0x00000000e3200000|  0%| F|  |TAMS 0x00000000e3100000, 0x00000000e3100000| Untracked 
|  50|0x00000000e3200000, 0x00000000e3200000, 0x00000000e3300000|  0%| F|  |TAMS 0x00000000e3200000, 0x00000000e3200000| Untracked 
|  51|0x00000000e3300000, 0x00000000e3300000, 0x00000000e3400000|  0%| F|  |TAMS 0x00000000e3300000, 0x00000000e3300000| Untracked 
|  52|0x00000000e3400000, 0x00000000e3400000, 0x00000000e3500000|  0%| F|  |TAMS 0x00000000e3400000, 0x00000000e3400000| Untracked 
|  53|0x00000000e3500000, 0x00000000e3500000, 0x00000000e3600000|  0%| F|  |TAMS 0x00000000e3500000, 0x00000000e3500000| Untracked 
|  54|0x00000000e3600000, 0x00000000e3600000, 0x00000000e3700000|  0%| F|  |TAMS 0x00000000e3600000, 0x00000000e3600000| Untracked 
|  55|0x00000000e3700000, 0x00000000e3700000, 0x00000000e3800000|  0%| F|  |TAMS 0x00000000e3700000, 0x00000000e3700000| Untracked 
|  56|0x00000000e3800000, 0x00000000e3800000, 0x00000000e3900000|  0%| F|  |TAMS 0x00000000e3800000, 0x00000000e3800000| Untracked 
|  57|0x00000000e3900000, 0x00000000e3900000, 0x00000000e3a00000|  0%| F|  |TAMS 0x00000000e3900000, 0x00000000e3900000| Untracked 
|  58|0x00000000e3a00000, 0x00000000e3a00000, 0x00000000e3b00000|  0%| F|  |TAMS 0x00000000e3a00000, 0x00000000e3a00000| Untracked 
|  59|0x00000000e3b00000, 0x00000000e3b00000, 0x00000000e3c00000|  0%| F|  |TAMS 0x00000000e3b00000, 0x00000000e3b00000| Untracked 
|  60|0x00000000e3c00000, 0x00000000e3c00000, 0x00000000e3d00000|  0%| F|  |TAMS 0x00000000e3c00000, 0x00000000e3c00000| Untracked 
|  61|0x00000000e3d00000, 0x00000000e3d00000, 0x00000000e3e00000|  0%| F|  |TAMS 0x00000000e3d00000, 0x00000000e3d00000| Untracked 
|  62|0x00000000e3e00000, 0x00000000e3e00000, 0x00000000e3f00000|  0%| F|  |TAMS 0x00000000e3e00000, 0x00000000e3e00000| Untracked 
|  63|0x00000000e3f00000, 0x00000000e3f00000, 0x00000000e4000000|  0%| F|  |TAMS 0x00000000e3f00000, 0x00000000e3f00000| Untracked 
|  64|0x00000000e4000000, 0x00000000e4000000, 0x00000000e4100000|  0%| F|  |TAMS 0x00000000e4000000, 0x00000000e4000000| Untracked 
|  65|0x00000000e4100000, 0x00000000e4100000, 0x00000000e4200000|  0%| F|  |TAMS 0x00000000e4100000, 0x00000000e4100000| Untracked 
|  66|0x00000000e4200000, 0x00000000e4200000, 0x00000000e4300000|  0%| F|  |TAMS 0x00000000e4200000, 0x00000000e4200000| Untracked 
|  67|0x00000000e4300000, 0x00000000e4300000, 0x00000000e4400000|  0%| F|  |TAMS 0x00000000e4300000, 0x00000000e4300000| Untracked 
|  68|0x00000000e4400000, 0x00000000e4400000, 0x00000000e4500000|  0%| F|  |TAMS 0x00000000e4400000, 0x00000000e4400000| Untracked 
|  69|0x00000000e4500000, 0x00000000e4500000, 0x00000000e4600000|  0%| F|  |TAMS 0x00000000e4500000, 0x00000000e4500000| Untracked 
|  70|0x00000000e4600000, 0x00000000e4600000, 0x00000000e4700000|  0%| F|  |TAMS 0x00000000e4600000, 0x00000000e4600000| Untracked 
|  71|0x00000000e4700000, 0x00000000e4700000, 0x00000000e4800000|  0%| F|  |TAMS 0x00000000e4700000, 0x00000000e4700000| Untracked 
|  72|0x00000000e4800000, 0x00000000e4800000, 0x00000000e4900000|  0%| F|  |TAMS 0x00000000e4800000, 0x00000000e4800000| Untracked 
|  73|0x00000000e4900000, 0x00000000e4900000, 0x00000000e4a00000|  0%| F|  |TAMS 0x00000000e4900000, 0x00000000e4900000| Untracked 
|  74|0x00000000e4a00000, 0x00000000e4a00000, 0x00000000e4b00000|  0%| F|  |TAMS 0x00000000e4a00000, 0x00000000e4a00000| Untracked 
|  75|0x00000000e4b00000, 0x00000000e4b00000, 0x00000000e4c00000|  0%| F|  |TAMS 0x00000000e4b00000, 0x00000000e4b00000| Untracked 
|  76|0x00000000e4c00000, 0x00000000e4c00000, 0x00000000e4d00000|  0%| F|  |TAMS 0x00000000e4c00000, 0x00000000e4c00000| Untracked 
|  77|0x00000000e4d00000, 0x00000000e4d00000, 0x00000000e4e00000|  0%| F|  |TAMS 0x00000000e4d00000, 0x00000000e4d00000| Untracked 
|  78|0x00000000e4e00000, 0x00000000e4e00000, 0x00000000e4f00000|  0%| F|  |TAMS 0x00000000e4e00000, 0x00000000e4e00000| Untracked 
|  79|0x00000000e4f00000, 0x00000000e4f00000, 0x00000000e5000000|  0%| F|  |TAMS 0x00000000e4f00000, 0x00000000e4f00000| Untracked 
|  80|0x00000000e5000000, 0x00000000e5000000, 0x00000000e5100000|  0%| F|  |TAMS 0x00000000e5000000, 0x00000000e5000000| Untracked 
|  81|0x00000000e5100000, 0x00000000e5100000, 0x00000000e5200000|  0%| F|  |TAMS 0x00000000e5100000, 0x00000000e5100000| Untracked 
|  82|0x00000000e5200000, 0x00000000e5200000, 0x00000000e5300000|  0%| F|  |TAMS 0x00000000e5200000, 0x00000000e5200000| Untracked 
|  83|0x00000000e5300000, 0x00000000e5300000, 0x00000000e5400000|  0%| F|  |TAMS 0x00000000e5300000, 0x00000000e5300000| Untracked 
|  84|0x00000000e5400000, 0x00000000e5400000, 0x00000000e5500000|  0%| F|  |TAMS 0x00000000e5400000, 0x00000000e5400000| Untracked 
|  85|0x00000000e5500000, 0x00000000e5500000, 0x00000000e5600000|  0%| F|  |TAMS 0x00000000e5500000, 0x00000000e5500000| Untracked 
|  86|0x00000000e5600000, 0x00000000e5600000, 0x00000000e5700000|  0%| F|  |TAMS 0x00000000e5600000, 0x00000000e5600000| Untracked 
|  87|0x00000000e5700000, 0x00000000e5700000, 0x00000000e5800000|  0%| F|  |TAMS 0x00000000e5700000, 0x00000000e5700000| Untracked 
|  88|0x00000000e5800000, 0x00000000e5800000, 0x00000000e5900000|  0%| F|  |TAMS 0x00000000e5800000, 0x00000000e5800000| Untracked 
|  89|0x00000000e5900000, 0x00000000e5900000, 0x00000000e5a00000|  0%| F|  |TAMS 0x00000000e5900000, 0x00000000e5900000| Untracked 
|  90|0x00000000e5a00000, 0x00000000e5a00000, 0x00000000e5b00000|  0%| F|  |TAMS 0x00000000e5a00000, 0x00000000e5a00000| Untracked 
|  91|0x00000000e5b00000, 0x00000000e5b00000, 0x00000000e5c00000|  0%| F|  |TAMS 0x00000000e5b00000, 0x00000000e5b00000| Untracked 
|  92|0x00000000e5c00000, 0x00000000e5c00000, 0x00000000e5d00000|  0%| F|  |TAMS 0x00000000e5c00000, 0x00000000e5c00000| Untracked 
|  93|0x00000000e5d00000, 0x00000000e5d00000, 0x00000000e5e00000|  0%| F|  |TAMS 0x00000000e5d00000, 0x00000000e5d00000| Untracked 
|  94|0x00000000e5e00000, 0x00000000e5e00000, 0x00000000e5f00000|  0%| F|  |TAMS 0x00000000e5e00000, 0x00000000e5e00000| Untracked 
|  95|0x00000000e5f00000, 0x00000000e5f00000, 0x00000000e6000000|  0%| F|  |TAMS 0x00000000e5f00000, 0x00000000e5f00000| Untracked 
|  96|0x00000000e6000000, 0x00000000e6000000, 0x00000000e6100000|  0%| F|  |TAMS 0x00000000e6000000, 0x00000000e6000000| Untracked 
|  97|0x00000000e6100000, 0x00000000e6100000, 0x00000000e6200000|  0%| F|  |TAMS 0x00000000e6100000, 0x00000000e6100000| Untracked 
|  98|0x00000000e6200000, 0x00000000e6200000, 0x00000000e6300000|  0%| F|  |TAMS 0x00000000e6200000, 0x00000000e6200000| Untracked 
|  99|0x00000000e6300000, 0x00000000e6300000, 0x00000000e6400000|  0%| F|  |TAMS 0x00000000e6300000, 0x00000000e6300000| Untracked 
| 100|0x00000000e6400000, 0x00000000e6400000, 0x00000000e6500000|  0%| F|  |TAMS 0x00000000e6400000, 0x00000000e6400000| Untracked 
| 101|0x00000000e6500000, 0x00000000e6500000, 0x00000000e6600000|  0%| F|  |TAMS 0x00000000e6500000, 0x00000000e6500000| Untracked 
| 102|0x00000000e6600000, 0x00000000e6600000, 0x00000000e6700000|  0%| F|  |TAMS 0x00000000e6600000, 0x00000000e6600000| Untracked 
| 103|0x00000000e6700000, 0x00000000e6700000, 0x00000000e6800000|  0%| F|  |TAMS 0x00000000e6700000, 0x00000000e6700000| Untracked 
| 104|0x00000000e6800000, 0x00000000e6800000, 0x00000000e6900000|  0%| F|  |TAMS 0x00000000e6800000, 0x00000000e6800000| Untracked 
| 105|0x00000000e6900000, 0x00000000e6900000, 0x00000000e6a00000|  0%| F|  |TAMS 0x00000000e6900000, 0x00000000e6900000| Untracked 
| 106|0x00000000e6a00000, 0x00000000e6a00000, 0x00000000e6b00000|  0%| F|  |TAMS 0x00000000e6a00000, 0x00000000e6a00000| Untracked 
| 107|0x00000000e6b00000, 0x00000000e6b00000, 0x00000000e6c00000|  0%| F|  |TAMS 0x00000000e6b00000, 0x00000000e6b00000| Untracked 
| 108|0x00000000e6c00000, 0x00000000e6c00000, 0x00000000e6d00000|  0%| F|  |TAMS 0x00000000e6c00000, 0x00000000e6c00000| Untracked 
| 109|0x00000000e6d00000, 0x00000000e6d00000, 0x00000000e6e00000|  0%| F|  |TAMS 0x00000000e6d00000, 0x00000000e6d00000| Untracked 
| 110|0x00000000e6e00000, 0x00000000e6e00000, 0x00000000e6f00000|  0%| F|  |TAMS 0x00000000e6e00000, 0x00000000e6e00000| Untracked 
| 111|0x00000000e6f00000, 0x00000000e6f00000, 0x00000000e7000000|  0%| F|  |TAMS 0x00000000e6f00000, 0x00000000e6f00000| Untracked 
| 112|0x00000000e7000000, 0x00000000e7000000, 0x00000000e7100000|  0%| F|  |TAMS 0x00000000e7000000, 0x00000000e7000000| Untracked 
| 113|0x00000000e7100000, 0x00000000e7100000, 0x00000000e7200000|  0%| F|  |TAMS 0x00000000e7100000, 0x00000000e7100000| Untracked 
| 114|0x00000000e7200000, 0x00000000e7200000, 0x00000000e7300000|  0%| F|  |TAMS 0x00000000e7200000, 0x00000000e7200000| Untracked 
| 115|0x00000000e7300000, 0x00000000e7300000, 0x00000000e7400000|  0%| F|  |TAMS 0x00000000e7300000, 0x00000000e7300000| Untracked 
| 116|0x00000000e7400000, 0x00000000e7400000, 0x00000000e7500000|  0%| F|  |TAMS 0x00000000e7400000, 0x00000000e7400000| Untracked 
| 117|0x00000000e7500000, 0x00000000e7500000, 0x00000000e7600000|  0%| F|  |TAMS 0x00000000e7500000, 0x00000000e7500000| Untracked 
| 118|0x00000000e7600000, 0x00000000e7600000, 0x00000000e7700000|  0%| F|  |TAMS 0x00000000e7600000, 0x00000000e7600000| Untracked 
| 119|0x00000000e7700000, 0x00000000e7700000, 0x00000000e7800000|  0%| F|  |TAMS 0x00000000e7700000, 0x00000000e7700000| Untracked 
| 120|0x00000000e7800000, 0x00000000e7800000, 0x00000000e7900000|  0%| F|  |TAMS 0x00000000e7800000, 0x00000000e7800000| Untracked 
| 121|0x00000000e7900000, 0x00000000e7900000, 0x00000000e7a00000|  0%| F|  |TAMS 0x00000000e7900000, 0x00000000e7900000| Untracked 
| 122|0x00000000e7a00000, 0x00000000e7a00000, 0x00000000e7b00000|  0%| F|  |TAMS 0x00000000e7a00000, 0x00000000e7a00000| Untracked 
| 123|0x00000000e7b00000, 0x00000000e7b00000, 0x00000000e7c00000|  0%| F|  |TAMS 0x00000000e7b00000, 0x00000000e7b00000| Untracked 
| 124|0x00000000e7c00000, 0x00000000e7c00000, 0x00000000e7d00000|  0%| F|  |TAMS 0x00000000e7c00000, 0x00000000e7c00000| Untracked 
| 125|0x00000000e7d00000, 0x00000000e7d00000, 0x00000000e7e00000|  0%| F|  |TAMS 0x00000000e7d00000, 0x00000000e7d00000| Untracked 
| 126|0x00000000e7e00000, 0x00000000e7e00000, 0x00000000e7f00000|  0%| F|  |TAMS 0x00000000e7e00000, 0x00000000e7e00000| Untracked 
| 127|0x00000000e7f00000, 0x00000000e7f00000, 0x00000000e8000000|  0%| F|  |TAMS 0x00000000e7f00000, 0x00000000e7f00000| Untracked 
| 128|0x00000000e8000000, 0x00000000e8000000, 0x00000000e8100000|  0%| F|  |TAMS 0x00000000e8000000, 0x00000000e8000000| Untracked 
| 129|0x00000000e8100000, 0x00000000e8100000, 0x00000000e8200000|  0%| F|  |TAMS 0x00000000e8100000, 0x00000000e8100000| Untracked 
| 130|0x00000000e8200000, 0x00000000e8200000, 0x00000000e8300000|  0%| F|  |TAMS 0x00000000e8200000, 0x00000000e8200000| Untracked 
| 131|0x00000000e8300000, 0x00000000e8300000, 0x00000000e8400000|  0%| F|  |TAMS 0x00000000e8300000, 0x00000000e8300000| Untracked 
| 132|0x00000000e8400000, 0x00000000e8400000, 0x00000000e8500000|  0%| F|  |TAMS 0x00000000e8400000, 0x00000000e8400000| Untracked 
| 133|0x00000000e8500000, 0x00000000e8500000, 0x00000000e8600000|  0%| F|  |TAMS 0x00000000e8500000, 0x00000000e8500000| Untracked 
| 134|0x00000000e8600000, 0x00000000e8600000, 0x00000000e8700000|  0%| F|  |TAMS 0x00000000e8600000, 0x00000000e8600000| Untracked 
| 135|0x00000000e8700000, 0x00000000e8700000, 0x00000000e8800000|  0%| F|  |TAMS 0x00000000e8700000, 0x00000000e8700000| Untracked 
| 136|0x00000000e8800000, 0x00000000e8800000, 0x00000000e8900000|  0%| F|  |TAMS 0x00000000e8800000, 0x00000000e8800000| Untracked 
| 137|0x00000000e8900000, 0x00000000e8900000, 0x00000000e8a00000|  0%| F|  |TAMS 0x00000000e8900000, 0x00000000e8900000| Untracked 
| 138|0x00000000e8a00000, 0x00000000e8a00000, 0x00000000e8b00000|  0%| F|  |TAMS 0x00000000e8a00000, 0x00000000e8a00000| Untracked 
| 139|0x00000000e8b00000, 0x00000000e8b00000, 0x00000000e8c00000|  0%| F|  |TAMS 0x00000000e8b00000, 0x00000000e8b00000| Untracked 
| 140|0x00000000e8c00000, 0x00000000e8c00000, 0x00000000e8d00000|  0%| F|  |TAMS 0x00000000e8c00000, 0x00000000e8c00000| Untracked 
| 141|0x00000000e8d00000, 0x00000000e8d00000, 0x00000000e8e00000|  0%| F|  |TAMS 0x00000000e8d00000, 0x00000000e8d00000| Untracked 
| 142|0x00000000e8e00000, 0x00000000e8e00000, 0x00000000e8f00000|  0%| F|  |TAMS 0x00000000e8e00000, 0x00000000e8e00000| Untracked 
| 143|0x00000000e8f00000, 0x00000000e8f00000, 0x00000000e9000000|  0%| F|  |TAMS 0x00000000e8f00000, 0x00000000e8f00000| Untracked 
| 144|0x00000000e9000000, 0x00000000e9000000, 0x00000000e9100000|  0%| F|  |TAMS 0x00000000e9000000, 0x00000000e9000000| Untracked 
| 145|0x00000000e9100000, 0x00000000e9100000, 0x00000000e9200000|  0%| F|  |TAMS 0x00000000e9100000, 0x00000000e9100000| Untracked 
| 146|0x00000000e9200000, 0x00000000e9200000, 0x00000000e9300000|  0%| F|  |TAMS 0x00000000e9200000, 0x00000000e9200000| Untracked 
| 147|0x00000000e9300000, 0x00000000e9300000, 0x00000000e9400000|  0%| F|  |TAMS 0x00000000e9300000, 0x00000000e9300000| Untracked 
| 148|0x00000000e9400000, 0x00000000e9400000, 0x00000000e9500000|  0%| F|  |TAMS 0x00000000e9400000, 0x00000000e9400000| Untracked 
| 149|0x00000000e9500000, 0x00000000e9500000, 0x00000000e9600000|  0%| F|  |TAMS 0x00000000e9500000, 0x00000000e9500000| Untracked 
| 150|0x00000000e9600000, 0x00000000e9600000, 0x00000000e9700000|  0%| F|  |TAMS 0x00000000e9600000, 0x00000000e9600000| Untracked 
| 151|0x00000000e9700000, 0x00000000e9700000, 0x00000000e9800000|  0%| F|  |TAMS 0x00000000e9700000, 0x00000000e9700000| Untracked 
| 152|0x00000000e9800000, 0x00000000e9800000, 0x00000000e9900000|  0%| F|  |TAMS 0x00000000e9800000, 0x00000000e9800000| Untracked 
| 153|0x00000000e9900000, 0x00000000e9900000, 0x00000000e9a00000|  0%| F|  |TAMS 0x00000000e9900000, 0x00000000e9900000| Untracked 
| 154|0x00000000e9a00000, 0x00000000e9a00000, 0x00000000e9b00000|  0%| F|  |TAMS 0x00000000e9a00000, 0x00000000e9a00000| Untracked 
| 155|0x00000000e9b00000, 0x00000000e9b00000, 0x00000000e9c00000|  0%| F|  |TAMS 0x00000000e9b00000, 0x00000000e9b00000| Untracked 
| 156|0x00000000e9c00000, 0x00000000e9c00000, 0x00000000e9d00000|  0%| F|  |TAMS 0x00000000e9c00000, 0x00000000e9c00000| Untracked 
| 157|0x00000000e9d00000, 0x00000000e9d00000, 0x00000000e9e00000|  0%| F|  |TAMS 0x00000000e9d00000, 0x00000000e9d00000| Untracked 
| 158|0x00000000e9e00000, 0x00000000e9e00000, 0x00000000e9f00000|  0%| F|  |TAMS 0x00000000e9e00000, 0x00000000e9e00000| Untracked 
| 159|0x00000000e9f00000, 0x00000000e9f00000, 0x00000000ea000000|  0%| F|  |TAMS 0x00000000e9f00000, 0x00000000e9f00000| Untracked 
| 160|0x00000000ea000000, 0x00000000ea000000, 0x00000000ea100000|  0%| F|  |TAMS 0x00000000ea000000, 0x00000000ea000000| Untracked 
| 161|0x00000000ea100000, 0x00000000ea100000, 0x00000000ea200000|  0%| F|  |TAMS 0x00000000ea100000, 0x00000000ea100000| Untracked 
| 162|0x00000000ea200000, 0x00000000ea200000, 0x00000000ea300000|  0%| F|  |TAMS 0x00000000ea200000, 0x00000000ea200000| Untracked 
| 163|0x00000000ea300000, 0x00000000ea300000, 0x00000000ea400000|  0%| F|  |TAMS 0x00000000ea300000, 0x00000000ea300000| Untracked 
| 164|0x00000000ea400000, 0x00000000ea400000, 0x00000000ea500000|  0%| F|  |TAMS 0x00000000ea400000, 0x00000000ea400000| Untracked 
| 165|0x00000000ea500000, 0x00000000ea500000, 0x00000000ea600000|  0%| F|  |TAMS 0x00000000ea500000, 0x00000000ea500000| Untracked 
| 166|0x00000000ea600000, 0x00000000ea600000, 0x00000000ea700000|  0%| F|  |TAMS 0x00000000ea600000, 0x00000000ea600000| Untracked 
| 167|0x00000000ea700000, 0x00000000ea700000, 0x00000000ea800000|  0%| F|  |TAMS 0x00000000ea700000, 0x00000000ea700000| Untracked 
| 168|0x00000000ea800000, 0x00000000ea800000, 0x00000000ea900000|  0%| F|  |TAMS 0x00000000ea800000, 0x00000000ea800000| Untracked 
| 169|0x00000000ea900000, 0x00000000ea900000, 0x00000000eaa00000|  0%| F|  |TAMS 0x00000000ea900000, 0x00000000ea900000| Untracked 
| 170|0x00000000eaa00000, 0x00000000eaa00000, 0x00000000eab00000|  0%| F|  |TAMS 0x00000000eaa00000, 0x00000000eaa00000| Untracked 
| 171|0x00000000eab00000, 0x00000000eab00000, 0x00000000eac00000|  0%| F|  |TAMS 0x00000000eab00000, 0x00000000eab00000| Untracked 
| 172|0x00000000eac00000, 0x00000000eac00000, 0x00000000ead00000|  0%| F|  |TAMS 0x00000000eac00000, 0x00000000eac00000| Untracked 
| 173|0x00000000ead00000, 0x00000000ead00000, 0x00000000eae00000|  0%| F|  |TAMS 0x00000000ead00000, 0x00000000ead00000| Untracked 
| 174|0x00000000eae00000, 0x00000000eae00000, 0x00000000eaf00000|  0%| F|  |TAMS 0x00000000eae00000, 0x00000000eae00000| Untracked 
| 175|0x00000000eaf00000, 0x00000000eaf00000, 0x00000000eb000000|  0%| F|  |TAMS 0x00000000eaf00000, 0x00000000eaf00000| Untracked 
| 176|0x00000000eb000000, 0x00000000eb000000, 0x00000000eb100000|  0%| F|  |TAMS 0x00000000eb000000, 0x00000000eb000000| Untracked 
| 177|0x00000000eb100000, 0x00000000eb100000, 0x00000000eb200000|  0%| F|  |TAMS 0x00000000eb100000, 0x00000000eb100000| Untracked 
| 178|0x00000000eb200000, 0x00000000eb200000, 0x00000000eb300000|  0%| F|  |TAMS 0x00000000eb200000, 0x00000000eb200000| Untracked 
| 179|0x00000000eb300000, 0x00000000eb300000, 0x00000000eb400000|  0%| F|  |TAMS 0x00000000eb300000, 0x00000000eb300000| Untracked 
| 180|0x00000000eb400000, 0x00000000eb400000, 0x00000000eb500000|  0%| F|  |TAMS 0x00000000eb400000, 0x00000000eb400000| Untracked 
| 181|0x00000000eb500000, 0x00000000eb500000, 0x00000000eb600000|  0%| F|  |TAMS 0x00000000eb500000, 0x00000000eb500000| Untracked 
| 182|0x00000000eb600000, 0x00000000eb600000, 0x00000000eb700000|  0%| F|  |TAMS 0x00000000eb600000, 0x00000000eb600000| Untracked 
| 183|0x00000000eb700000, 0x00000000eb700000, 0x00000000eb800000|  0%| F|  |TAMS 0x00000000eb700000, 0x00000000eb700000| Untracked 
| 184|0x00000000eb800000, 0x00000000eb800000, 0x00000000eb900000|  0%| F|  |TAMS 0x00000000eb800000, 0x00000000eb800000| Untracked 
| 185|0x00000000eb900000, 0x00000000eb900000, 0x00000000eba00000|  0%| F|  |TAMS 0x00000000eb900000, 0x00000000eb900000| Untracked 
| 186|0x00000000eba00000, 0x00000000eba00000, 0x00000000ebb00000|  0%| F|  |TAMS 0x00000000eba00000, 0x00000000eba00000| Untracked 
| 187|0x00000000ebb00000, 0x00000000ebb00000, 0x00000000ebc00000|  0%| F|  |TAMS 0x00000000ebb00000, 0x00000000ebb00000| Untracked 
| 188|0x00000000ebc00000, 0x00000000ebc00000, 0x00000000ebd00000|  0%| F|  |TAMS 0x00000000ebc00000, 0x00000000ebc00000| Untracked 
| 189|0x00000000ebd00000, 0x00000000ebd00000, 0x00000000ebe00000|  0%| F|  |TAMS 0x00000000ebd00000, 0x00000000ebd00000| Untracked 
| 190|0x00000000ebe00000, 0x00000000ebe00000, 0x00000000ebf00000|  0%| F|  |TAMS 0x00000000ebe00000, 0x00000000ebe00000| Untracked 
| 191|0x00000000ebf00000, 0x00000000ebf00000, 0x00000000ec000000|  0%| F|  |TAMS 0x00000000ebf00000, 0x00000000ebf00000| Untracked 
| 192|0x00000000ec000000, 0x00000000ec000000, 0x00000000ec100000|  0%| F|  |TAMS 0x00000000ec000000, 0x00000000ec000000| Untracked 
| 193|0x00000000ec100000, 0x00000000ec100000, 0x00000000ec200000|  0%| F|  |TAMS 0x00000000ec100000, 0x00000000ec100000| Untracked 
| 194|0x00000000ec200000, 0x00000000ec200000, 0x00000000ec300000|  0%| F|  |TAMS 0x00000000ec200000, 0x00000000ec200000| Untracked 
| 195|0x00000000ec300000, 0x00000000ec300000, 0x00000000ec400000|  0%| F|  |TAMS 0x00000000ec300000, 0x00000000ec300000| Untracked 
| 196|0x00000000ec400000, 0x00000000ec400000, 0x00000000ec500000|  0%| F|  |TAMS 0x00000000ec400000, 0x00000000ec400000| Untracked 
| 197|0x00000000ec500000, 0x00000000ec500000, 0x00000000ec600000|  0%| F|  |TAMS 0x00000000ec500000, 0x00000000ec500000| Untracked 
| 198|0x00000000ec600000, 0x00000000ec600000, 0x00000000ec700000|  0%| F|  |TAMS 0x00000000ec600000, 0x00000000ec600000| Untracked 
| 199|0x00000000ec700000, 0x00000000ec700000, 0x00000000ec800000|  0%| F|  |TAMS 0x00000000ec700000, 0x00000000ec700000| Untracked 
| 200|0x00000000ec800000, 0x00000000ec800000, 0x00000000ec900000|  0%| F|  |TAMS 0x00000000ec800000, 0x00000000ec800000| Untracked 
| 201|0x00000000ec900000, 0x00000000ec900000, 0x00000000eca00000|  0%| F|  |TAMS 0x00000000ec900000, 0x00000000ec900000| Untracked 
| 202|0x00000000eca00000, 0x00000000eca00000, 0x00000000ecb00000|  0%| F|  |TAMS 0x00000000eca00000, 0x00000000eca00000| Untracked 
| 203|0x00000000ecb00000, 0x00000000ecb00000, 0x00000000ecc00000|  0%| F|  |TAMS 0x00000000ecb00000, 0x00000000ecb00000| Untracked 
| 204|0x00000000ecc00000, 0x00000000ecc00000, 0x00000000ecd00000|  0%| F|  |TAMS 0x00000000ecc00000, 0x00000000ecc00000| Untracked 
| 205|0x00000000ecd00000, 0x00000000ecd00000, 0x00000000ece00000|  0%| F|  |TAMS 0x00000000ecd00000, 0x00000000ecd00000| Untracked 
| 206|0x00000000ece00000, 0x00000000ece00000, 0x00000000ecf00000|  0%| F|  |TAMS 0x00000000ece00000, 0x00000000ece00000| Untracked 
| 207|0x00000000ecf00000, 0x00000000ecf00000, 0x00000000ed000000|  0%| F|  |TAMS 0x00000000ecf00000, 0x00000000ecf00000| Untracked 
| 208|0x00000000ed000000, 0x00000000ed000000, 0x00000000ed100000|  0%| F|  |TAMS 0x00000000ed000000, 0x00000000ed000000| Untracked 
| 209|0x00000000ed100000, 0x00000000ed100000, 0x00000000ed200000|  0%| F|  |TAMS 0x00000000ed100000, 0x00000000ed100000| Untracked 
| 210|0x00000000ed200000, 0x00000000ed200000, 0x00000000ed300000|  0%| F|  |TAMS 0x00000000ed200000, 0x00000000ed200000| Untracked 
| 211|0x00000000ed300000, 0x00000000ed300000, 0x00000000ed400000|  0%| F|  |TAMS 0x00000000ed300000, 0x00000000ed300000| Untracked 
| 212|0x00000000ed400000, 0x00000000ed400000, 0x00000000ed500000|  0%| F|  |TAMS 0x00000000ed400000, 0x00000000ed400000| Untracked 
| 213|0x00000000ed500000, 0x00000000ed500000, 0x00000000ed600000|  0%| F|  |TAMS 0x00000000ed500000, 0x00000000ed500000| Untracked 
| 214|0x00000000ed600000, 0x00000000ed600000, 0x00000000ed700000|  0%| F|  |TAMS 0x00000000ed600000, 0x00000000ed600000| Untracked 
| 215|0x00000000ed700000, 0x00000000ed700000, 0x00000000ed800000|  0%| F|  |TAMS 0x00000000ed700000, 0x00000000ed700000| Untracked 
| 216|0x00000000ed800000, 0x00000000ed800000, 0x00000000ed900000|  0%| F|  |TAMS 0x00000000ed800000, 0x00000000ed800000| Untracked 
| 217|0x00000000ed900000, 0x00000000ed900000, 0x00000000eda00000|  0%| F|  |TAMS 0x00000000ed900000, 0x00000000ed900000| Untracked 
| 218|0x00000000eda00000, 0x00000000eda00000, 0x00000000edb00000|  0%| F|  |TAMS 0x00000000eda00000, 0x00000000eda00000| Untracked 
| 219|0x00000000edb00000, 0x00000000edb00000, 0x00000000edc00000|  0%| F|  |TAMS 0x00000000edb00000, 0x00000000edb00000| Untracked 
| 220|0x00000000edc00000, 0x00000000edc00000, 0x00000000edd00000|  0%| F|  |TAMS 0x00000000edc00000, 0x00000000edc00000| Untracked 
| 221|0x00000000edd00000, 0x00000000edd00000, 0x00000000ede00000|  0%| F|  |TAMS 0x00000000edd00000, 0x00000000edd00000| Untracked 
| 222|0x00000000ede00000, 0x00000000ede00000, 0x00000000edf00000|  0%| F|  |TAMS 0x00000000ede00000, 0x00000000ede00000| Untracked 
| 223|0x00000000edf00000, 0x00000000edf00000, 0x00000000ee000000|  0%| F|  |TAMS 0x00000000edf00000, 0x00000000edf00000| Untracked 
| 224|0x00000000ee000000, 0x00000000ee000000, 0x00000000ee100000|  0%| F|  |TAMS 0x00000000ee000000, 0x00000000ee000000| Untracked 
| 225|0x00000000ee100000, 0x00000000ee100000, 0x00000000ee200000|  0%| F|  |TAMS 0x00000000ee100000, 0x00000000ee100000| Untracked 
| 226|0x00000000ee200000, 0x00000000ee200000, 0x00000000ee300000|  0%| F|  |TAMS 0x00000000ee200000, 0x00000000ee200000| Untracked 
| 227|0x00000000ee300000, 0x00000000ee300000, 0x00000000ee400000|  0%| F|  |TAMS 0x00000000ee300000, 0x00000000ee300000| Untracked 
| 228|0x00000000ee400000, 0x00000000ee400000, 0x00000000ee500000|  0%| F|  |TAMS 0x00000000ee400000, 0x00000000ee400000| Untracked 
| 229|0x00000000ee500000, 0x00000000ee500000, 0x00000000ee600000|  0%| F|  |TAMS 0x00000000ee500000, 0x00000000ee500000| Untracked 
| 230|0x00000000ee600000, 0x00000000ee600000, 0x00000000ee700000|  0%| F|  |TAMS 0x00000000ee600000, 0x00000000ee600000| Untracked 
| 231|0x00000000ee700000, 0x00000000ee700000, 0x00000000ee800000|  0%| F|  |TAMS 0x00000000ee700000, 0x00000000ee700000| Untracked 
| 232|0x00000000ee800000, 0x00000000ee800000, 0x00000000ee900000|  0%| F|  |TAMS 0x00000000ee800000, 0x00000000ee800000| Untracked 
| 233|0x00000000ee900000, 0x00000000ee900000, 0x00000000eea00000|  0%| F|  |TAMS 0x00000000ee900000, 0x00000000ee900000| Untracked 
| 234|0x00000000eea00000, 0x00000000eea00000, 0x00000000eeb00000|  0%| F|  |TAMS 0x00000000eea00000, 0x00000000eea00000| Untracked 
| 235|0x00000000eeb00000, 0x00000000eeb00000, 0x00000000eec00000|  0%| F|  |TAMS 0x00000000eeb00000, 0x00000000eeb00000| Untracked 
| 236|0x00000000eec00000, 0x00000000eec00000, 0x00000000eed00000|  0%| F|  |TAMS 0x00000000eec00000, 0x00000000eec00000| Untracked 
| 237|0x00000000eed00000, 0x00000000eed00000, 0x00000000eee00000|  0%| F|  |TAMS 0x00000000eed00000, 0x00000000eed00000| Untracked 
| 238|0x00000000eee00000, 0x00000000eee00000, 0x00000000eef00000|  0%| F|  |TAMS 0x00000000eee00000, 0x00000000eee00000| Untracked 
| 239|0x00000000eef00000, 0x00000000eef00000, 0x00000000ef000000|  0%| F|  |TAMS 0x00000000eef00000, 0x00000000eef00000| Untracked 
| 240|0x00000000ef000000, 0x00000000ef000000, 0x00000000ef100000|  0%| F|  |TAMS 0x00000000ef000000, 0x00000000ef000000| Untracked 
| 241|0x00000000ef100000, 0x00000000ef100000, 0x00000000ef200000|  0%| F|  |TAMS 0x00000000ef100000, 0x00000000ef100000| Untracked 
| 242|0x00000000ef200000, 0x00000000ef200000, 0x00000000ef300000|  0%| F|  |TAMS 0x00000000ef200000, 0x00000000ef200000| Untracked 
| 243|0x00000000ef300000, 0x00000000ef300000, 0x00000000ef400000|  0%| F|  |TAMS 0x00000000ef300000, 0x00000000ef300000| Untracked 
| 244|0x00000000ef400000, 0x00000000ef432b38, 0x00000000ef500000| 19%| S|CS|TAMS 0x00000000ef400000, 0x00000000ef400000| Complete 
| 245|0x00000000ef500000, 0x00000000ef500000, 0x00000000ef600000|  0%| F|  |TAMS 0x00000000ef500000, 0x00000000ef500000| Untracked 
| 246|0x00000000ef600000, 0x00000000ef600000, 0x00000000ef700000|  0%| F|  |TAMS 0x00000000ef600000, 0x00000000ef600000| Untracked 
| 247|0x00000000ef700000, 0x00000000ef700000, 0x00000000ef800000|  0%| F|  |TAMS 0x00000000ef700000, 0x00000000ef700000| Untracked 
| 248|0x00000000ef800000, 0x00000000ef800000, 0x00000000ef900000|  0%| F|  |TAMS 0x00000000ef800000, 0x00000000ef800000| Untracked 
| 249|0x00000000ef900000, 0x00000000ef900000, 0x00000000efa00000|  0%| F|  |TAMS 0x00000000ef900000, 0x00000000ef900000| Untracked 
| 250|0x00000000efa00000, 0x00000000efa00000, 0x00000000efb00000|  0%| F|  |TAMS 0x00000000efa00000, 0x00000000efa00000| Untracked 
| 251|0x00000000efb00000, 0x00000000efb00000, 0x00000000efc00000|  0%| F|  |TAMS 0x00000000efb00000, 0x00000000efb00000| Untracked 
| 252|0x00000000efc00000, 0x00000000efc00000, 0x00000000efd00000|  0%| F|  |TAMS 0x00000000efc00000, 0x00000000efc00000| Untracked 
| 253|0x00000000efd00000, 0x00000000efd00000, 0x00000000efe00000|  0%| F|  |TAMS 0x00000000efd00000, 0x00000000efd00000| Untracked 
| 254|0x00000000efe00000, 0x00000000efe00000, 0x00000000eff00000|  0%| F|  |TAMS 0x00000000efe00000, 0x00000000efe00000| Untracked 
| 255|0x00000000eff00000, 0x00000000eff00000, 0x00000000f0000000|  0%| F|  |TAMS 0x00000000eff00000, 0x00000000eff00000| Untracked 

Card table byte_map: [0x00007f4ff807b000,0x00007f4ff817b000] _byte_map_base: 0x00007f4ff797b000

Marking Bits (Prev, Next): (CMBitMap*) 0x00007f5010047928, (CMBitMap*) 0x00007f5010047960
 Prev Bits: [0x00007f4ff3700000, 0x00007f4ff3f00000)
 Next Bits: [0x00007f4ff2f00000, 0x00007f4ff3700000)

Polling page: 0x00007f5017963000

Metaspace:

Usage:
  Non-class:     38,92 MB capacity,    38,41 MB ( 99%) used,   462,98 KB (  1%) free+waste,    66,31 KB ( <1%) overhead. 
      Class:      5,79 MB capacity,     5,47 MB ( 94%) used,   305,80 KB (  5%) free+waste,    29,69 KB ( <1%) overhead. 
       Both:     44,72 MB capacity,    43,87 MB ( 98%) used,   768,79 KB (  2%) free+waste,    96,00 KB ( <1%) overhead. 

Virtual space:
  Non-class space:       40,00 MB reserved,      39,20 MB ( 98%) committed 
      Class space:      248,00 MB reserved,       5,88 MB (  2%) committed 
             Both:      288,00 MB reserved,      45,07 MB ( 16%) committed 

Chunk freelists:
   Non-Class:  35,00 KB
       Class:  19,00 KB
        Both:  54,00 KB

CodeHeap 'non-profiled nmethods': size=120032Kb used=2039Kb max_used=2039Kb free=117992Kb
 bounds [0x00007f500041f000, 0x00007f500068f000, 0x00007f5007957000]
CodeHeap 'profiled nmethods': size=120032Kb used=8450Kb max_used=8450Kb free=111581Kb
 bounds [0x00007f4ff8ee7000, 0x00007f4ff9737000, 0x00007f500041f000]
CodeHeap 'non-nmethods': size=5696Kb used=2192Kb max_used=2229Kb free=3503Kb
 bounds [0x00007f4ff8957000, 0x00007f4ff8bc7000, 0x00007f4ff8ee7000]
 total_blobs=6042 nmethods=4239 adapters=690
 compilation: enabled
              stopped_count=0, restarted_count=0
 full_count=0

Compilation events (10 events):
Event: 25,533 Thread 0x00007f50101b9000 nmethod 4448 0x00007f4ff9728390 code [0x00007f4ff9728540, 0x00007f4ff9728710]
Event: 25,985 Thread 0x00007f50101b9000 4440       3       java.util.stream.StreamOpFlag::fromCharacteristics (37 bytes)
Event: 31,934 Thread 0x00007f50101b9000 nmethod 4440 0x00007f4ff9728790 code [0x00007f4ff9728960, 0x00007f4ff9728cb8]
Event: 32,495 Thread 0x00007f50101b9000 4441       3       java.util.stream.AbstractPipeline::<init> (55 bytes)
Event: 41,498 Thread 0x00007f50101b9000 nmethod 4441 0x00007f4ff9728d90 code [0x00007f4ff9728f60, 0x00007f4ff9729290]
Event: 42,021 Thread 0x00007f50101b9000 4456       3       java.math.BigInteger::makePositive (259 bytes)
Event: 55,413 Thread 0x00007f50101b9000 nmethod 4456 0x00007f4ff9729390 code [0x00007f4ff97295c0, 0x00007f4ff9729eb0]
Event: 55,660 Thread 0x00007f50101b9000 4459   !   3       java.util.concurrent.locks.AbstractQueuedSynchronizer::fullyRelease (31 bytes)
Event: 107,711 Thread 0x00007f50101b9000 nmethod 4459 0x00007f4ff972a290 code [0x00007f4ff972a4a0, 0x00007f4ff972a9c8]
Event: 108,122 Thread 0x00007f50101b9000 4462       3       javax.management.ObjectName::construct (1135 bytes)

GC Heap History (10 events):
Event: 9,635 GC heap after
{Heap after GC invocations=10 (full 0):
 garbage-first heap   total 262144K, used 26946K [0x00000000e0000000, 0x0000000100000000)
  region size 1024K, 7 young (7168K), 7 survivors (7168K)
 Metaspace       used 44853K, capacity 45720K, committed 45900K, reserved 294912K
  class space    used 5592K, capacity 5933K, committed 6016K, reserved 253952K
}
Event: 10,801 GC heap before
{Heap before GC invocations=10 (full 0):
 garbage-first heap   total 262144K, used 176450K [0x00000000e0000000, 0x0000000100000000)
  region size 1024K, 153 young (156672K), 7 survivors (7168K)
 Metaspace       used 44865K, capacity 45784K, committed 46156K, reserved 294912K
  class space    used 5592K, capacity 5933K, committed 6016K, reserved 253952K
}
Event: 11,988 GC heap after
{Heap after GC invocations=11 (full 0):
 garbage-first heap   total 262144K, used 26814K [0x00000000e0000000, 0x0000000100000000)
  region size 1024K, 7 young (7168K), 7 survivors (7168K)
 Metaspace       used 44865K, capacity 45784K, committed 46156K, reserved 294912K
  class space    used 5592K, capacity 5933K, committed 6016K, reserved 253952K
}
Event: 28,695 GC heap before
{Heap before GC invocations=11 (full 0):
 garbage-first heap   total 262144K, used 64702K [0x00000000e0000000, 0x0000000100000000)
  region size 1024K, 44 young (45056K), 7 survivors (7168K)
 Metaspace       used 44891K, capacity 45784K, committed 46156K, reserved 294912K
  class space    used 5595K, capacity 5933K, committed 6016K, reserved 253952K
}
Event: 31,012 GC heap after
{Heap after GC invocations=12 (full 0):
 garbage-first heap   total 262144K, used 26975K [0x00000000e0000000, 0x0000000100000000)
  region size 1024K, 2 young (2048K), 2 survivors (2048K)
 Metaspace       used 44891K, capacity 45784K, committed 46156K, reserved 294912K
  class space    used 5595K, capacity 5933K, committed 6016K, reserved 253952K
}
Event: 42,303 GC heap before
{Heap before GC invocations=12 (full 0):
 garbage-first heap   total 262144K, used 36191K [0x00000000e0000000, 0x0000000100000000)
  region size 1024K, 12 young (12288K), 2 survivors (2048K)
 Metaspace       used 44897K, capacity 45784K, committed 46156K, reserved 294912K
  class space    used 5595K, capacity 5933K, committed 6016K, reserved 253952K
}
Event: 49,639 GC heap after
{Heap after GC invocations=13 (full 0):
 garbage-first heap   total 262144K, used 27182K [0x00000000e0000000, 0x0000000100000000)
  region size 1024K, 1 young (1024K), 1 survivors (1024K)
 Metaspace       used 44897K, capacity 45784K, committed 46156K, reserved 294912K
  class space    used 5595K, capacity 5933K, committed 6016K, reserved 253952K
}
Event: 109,847 GC heap before
{Heap before GC invocations=13 (full 0):
 garbage-first heap   total 262144K, used 37422K [0x00000000e0000000, 0x0000000100000000)
  region size 1024K, 12 young (12288K), 1 survivors (1024K)
 Metaspace       used 44910K, capacity 45785K, committed 46156K, reserved 294912K
  class space    used 5596K, capacity 5933K, committed 6016K, reserved 253952K
}
Event: 115,219 GC heap after
{Heap after GC invocations=14 (full 0):
 garbage-first heap   total 262144K, used 26805K [0x00000000e0000000, 0x0000000100000000)
  region size 1024K, 1 young (1024K), 1 survivors (1024K)
 Metaspace       used 44910K, capacity 45785K, committed 46156K, reserved 294912K
  class space    used 5596K, capacity 5933K, committed 6016K, reserved 253952K
}
Event: 120,185 GC heap before
{Heap before GC invocations=14 (full 0):
 garbage-first heap   total 262144K, used 37045K [0x00000000e0000000, 0x0000000100000000)
  region size 1024K, 12 young (12288K), 1 survivors (1024K)
 Metaspace       used 44925K, capacity 45790K, committed 46156K, reserved 294912K
  class space    used 5597K, capacity 5933K, committed 6016K, reserved 253952K
}

Deoptimization events (10 events):
Event: 9,406 Thread 0x00007f4f9c008800 DEOPT PACKING pc=0x00007f5000603de8 sp=0x00007f4fe10061d0
Event: 9,406 Thread 0x00007f4f9c008800 DEOPT UNPACKING pc=0x00007f4ff897f625 sp=0x00007f4fe10061b0 mode 2
Event: 9,406 Thread 0x00007f4f9c008800 Uncommon trap: trap_request=0xffffff4d fr.pc=0x00007f50005e8df8 relative=0x0000000000000198
Event: 9,406 Thread 0x00007f4f9c008800 Uncommon trap: reason=unstable_if action=reinterpret pc=0x00007f50005e8df8 method=java.util.zip.ZipInputStream.read([BII)I @ 50 c2
Event: 9,406 Thread 0x00007f4f9c008800 DEOPT PACKING pc=0x00007f50005e8df8 sp=0x00007f4fe1006100
Event: 9,406 Thread 0x00007f4f9c008800 DEOPT UNPACKING pc=0x00007f4ff897f625 sp=0x00007f4fe10060c0 mode 2
Event: 9,596 Thread 0x00007f4f9c008800 DEOPT PACKING pc=0x00007f4ff942bce6 sp=0x00007f4fe1005f50
Event: 9,596 Thread 0x00007f4f9c008800 DEOPT UNPACKING pc=0x00007f4ff897f43a sp=0x00007f4fe1005408 mode 0
Event: 10,066 Thread 0x00007f4f9c008800 DEOPT PACKING pc=0x00007f4ff8f709d1 sp=0x00007f4fe1005f70
Event: 10,066 Thread 0x00007f4f9c008800 DEOPT UNPACKING pc=0x00007f4ff897f43a sp=0x00007f4fe10054a0 mode 0

Classes redefined (0 events):
No events

Internal exceptions (10 events):
Event: 6,675 Thread 0x00007f4f9c008800 Exception <a 'java/lang/ClassNotFoundException'{0x00000000ea73b070}: org/gradle/api/internal/artifacts/dsl/dependencies/DefaultDependencyHandler_DecoratedBeanInfo> (0x00000000ea73b070) thrown at [/data/home/jenkins/workspace/build-scripts/jobs/jdk11u/jdk1
Event: 6,675 Thread 0x00007f4f9c008800 Exception <a 'java/lang/ClassNotFoundException'{0x00000000ea766f48}: org/gradle/api/internal/artifacts/dsl/dependencies/DefaultDependencyHandlerBeanInfo> (0x00000000ea766f48) thrown at [/data/home/jenkins/workspace/build-scripts/jobs/jdk11u/jdk11u-linux-x
Event: 6,676 Thread 0x00007f4f9c008800 Exception <a 'java/lang/ClassNotFoundException'{0x00000000ea792b18}: org/gradle/api/internal/artifacts/dsl/dependencies/DefaultDependencyHandlerCustomizer> (0x00000000ea792b18) thrown at [/data/home/jenkins/workspace/build-scripts/jobs/jdk11u/jdk11u-linux
Event: 6,678 Thread 0x00007f4f9c008800 Exception <a 'java/lang/ClassNotFoundException'{0x00000000ea7df210}: org/gradle/api/internal/artifacts/dsl/dependencies/DefaultDependencyHandler_DecoratedCustomizer> (0x00000000ea7df210) thrown at [/data/home/jenkins/workspace/build-scripts/jobs/jdk11u/jd
Event: 6,877 Thread 0x00007f4f9c008800 Exception <a 'java/lang/NoSuchMethodError'{0x00000000efb7c750}: 'int java.lang.invoke.DirectMethodHandle$Holder.invokeInterface(java.lang.Object, java.lang.Object)'> (0x00000000efb7c750) thrown at [/data/home/jenkins/workspace/build-scripts/jobs/jdk11u/jd
Event: 6,877 Thread 0x00007f4f9c008800 Exception <a 'java/lang/IncompatibleClassChangeError'{0x00000000efb80210}: Found class java.lang.Object, but interface was expected> (0x00000000efb80210) thrown at [/data/home/jenkins/workspace/build-scripts/jobs/jdk11u/jdk11u-linux-x64-hotspot/workspace/
Event: 6,880 Thread 0x00007f4f9c008800 Exception <a 'java/lang/NoSuchMethodError'{0x00000000efb8f760}: 'int java.lang.invoke.DirectMethodHandle$Holder.invokeStaticInit(java.lang.Object, java.lang.Object)'> (0x00000000efb8f760) thrown at [/data/home/jenkins/workspace/build-scripts/jobs/jdk11u/j
Event: 6,881 Thread 0x00007f4f9c008800 Exception <a 'java/lang/NoSuchMethodError'{0x00000000efb9cae0}: 'int java.lang.invoke.DirectMethodHandle$Holder.invokeStatic(java.lang.Object, java.lang.Object, java.lang.Object, java.lang.Object, java.lang.Object)'> (0x00000000efb9cae0) thrown at [/data/
Event: 7,172 Thread 0x00007f4f9c008800 Exception <a 'java/lang/NoSuchMethodError'{0x00000000eed29650}: 'java.lang.Object java.lang.invoke.DirectMethodHandle$Holder.invokeInterface(java.lang.Object, java.lang.Object, java.lang.Object)'> (0x00000000eed29650) thrown at [/data/home/jenkins/workspa
Event: 7,195 Thread 0x00007f4f9c008800 Exception <a 'java/lang/NoSuchMethodError'{0x00000000eec15c78}: 'void java.lang.invoke.DirectMethodHandle$Holder.invokeSpecial(java.lang.Object, java.lang.Object, java.lang.Object, java.lang.Object)'> (0x00000000eec15c78) thrown at [/data/home/jenkins/wor

Events (10 events):
Event: 103,129 loading class org/gradle/launcher/daemon/registry/PersistentDaemonRegistry$1
Event: 103,129 loading class org/gradle/launcher/daemon/registry/PersistentDaemonRegistry$1 done
Event: 104,210 Executing VM operation: RevokeBias
Event: 106,988 Executing VM operation: RevokeBias done
Event: 107,071 Thread 0x00007f4f88969000 Thread exited: 0x00007f4f88969000
Event: 109,561 Executing VM operation: G1CollectForAllocation
Event: 115,495 Executing VM operation: G1CollectForAllocation done
Event: 115,631 loading class org/gradle/cache/internal/SimpleStateCache$1
Event: 115,638 loading class org/gradle/cache/internal/SimpleStateCache$1 done
Event: 119,321 Executing VM operation: G1CollectForAllocation


Dynamic libraries:
00400000-00401000 r-xp 00000000 08:02 527610                             /home/eduardo/.sdkman/candidates/java/11.0.4.hs-adpt/bin/java
00600000-00601000 r--p 00000000 08:02 527610                             /home/eduardo/.sdkman/candidates/java/11.0.4.hs-adpt/bin/java
00601000-00602000 rw-p 00001000 08:02 527610                             /home/eduardo/.sdkman/candidates/java/11.0.4.hs-adpt/bin/java
01838000-01859000 rw-p 00000000 00:00 0                                  [heap]
e0000000-f0000000 rw-p 00000000 00:00 0 
f6700000-100000000 ---p 00000000 00:00 0 
100000000-1005e0000 rw-p 00000000 00:00 0 
1005e0000-10f800000 ---p 00000000 00:00 0 
7f4f763b6000-7f4f765fa000 rw-p 00000000 00:00 0 
7f4f765fa000-7f4f765fe000 ---p 00000000 00:00 0 
7f4f765fe000-7f4f766fb000 rw-p 00000000 00:00 0 
7f4f766fb000-7f4f766ff000 ---p 00000000 00:00 0 
7f4f766ff000-7f4f767fc000 rw-p 00000000 00:00 0 
7f4f767fc000-7f4f76800000 ---p 00000000 00:00 0 
7f4f76800000-7f4f768fd000 rw-p 00000000 00:00 0 
7f4f768fd000-7f4f76901000 ---p 00000000 00:00 0 
7f4f76901000-7f4f76b3e000 rw-p 00000000 00:00 0 
7f4f76b3e000-7f4f76bfe000 ---p 00000000 00:00 0 
7f4f76bfe000-7f4f76dfe000 rw-p 00000000 00:00 0 
7f4f76dfe000-7f4f76e02000 ---p 00000000 00:00 0 
7f4f76e02000-7f4f76eff000 rw-p 00000000 00:00 0 
7f4f76eff000-7f4f76f03000 ---p 00000000 00:00 0 
7f4f76f03000-7f4f77200000 rw-p 00000000 00:00 0 
7f4f77200000-7f4f77400000 rw-p 00000000 00:00 0 
7f4f77400000-7f4f775f3000 rw-p 00000000 00:00 0 
7f4f775f3000-7f4f77600000 ---p 00000000 00:00 0 
7f4f77600000-7f4f77800000 rw-p 00000000 00:00 0 
7f4f77800000-7f4f77a00000 rw-p 00000000 00:00 0 
7f4f77a00000-7f4f77c00000 rw-p 00000000 00:00 0 
7f4f77c00000-7f4f77e00000 rw-p 00000000 00:00 0 
7f4f77e00000-7f4f78000000 rw-p 00000000 00:00 0 
7f4f78000000-7f4f78021000 rw-p 00000000 00:00 0 
7f4f78021000-7f4f7c000000 ---p 00000000 00:00 0 
7f4f7c000000-7f4f7c021000 rw-p 00000000 00:00 0 
7f4f7c021000-7f4f80000000 ---p 00000000 00:00 0 
7f4f80000000-7f4f80021000 rw-p 00000000 00:00 0 
7f4f80021000-7f4f84000000 ---p 00000000 00:00 0 
7f4f84000000-7f4f84021000 rw-p 00000000 00:00 0 
7f4f84021000-7f4f88000000 ---p 00000000 00:00 0 
7f4f88000000-7f4f88e8d000 rw-p 00000000 00:00 0 
7f4f88e8d000-7f4f8c000000 ---p 00000000 00:00 0 
7f4f8c000000-7f4f8c021000 rw-p 00000000 00:00 0 
7f4f8c021000-7f4f90000000 ---p 00000000 00:00 0 
7f4f90000000-7f4f90021000 rw-p 00000000 00:00 0 
7f4f90021000-7f4f94000000 ---p 00000000 00:00 0 
7f4f94000000-7f4f94021000 rw-p 00000000 00:00 0 
7f4f94021000-7f4f98000000 ---p 00000000 00:00 0 
7f4f98000000-7f4f98021000 rw-p 00000000 00:00 0 
7f4f98021000-7f4f9c000000 ---p 00000000 00:00 0 
7f4f9c000000-7f4f9c021000 rw-p 00000000 00:00 0 
7f4f9c021000-7f4fa0000000 ---p 00000000 00:00 0 
7f4fa0000000-7f4fa0021000 rw-p 00000000 00:00 0 
7f4fa0021000-7f4fa4000000 ---p 00000000 00:00 0 
7f4fa4000000-7f4fa4054000 rw-p 00000000 00:00 0 
7f4fa4054000-7f4fa8000000 ---p 00000000 00:00 0 
7f4fa8000000-7f4fa8021000 rw-p 00000000 00:00 0 
7f4fa8021000-7f4fac000000 ---p 00000000 00:00 0 
7f4fac000000-7f4fac021000 rw-p 00000000 00:00 0 
7f4fac021000-7f4fb0000000 ---p 00000000 00:00 0 
7f4fb0000000-7f4fb0021000 rw-p 00000000 00:00 0 
7f4fb0021000-7f4fb4000000 ---p 00000000 00:00 0 
7f4fb4000000-7f4fb4021000 rw-p 00000000 00:00 0 
7f4fb4021000-7f4fb8000000 ---p 00000000 00:00 0 
7f4fb8000000-7f4fb8021000 rw-p 00000000 00:00 0 
7f4fb8021000-7f4fbc000000 ---p 00000000 00:00 0 
7f4fbc000000-7f4fbc021000 rw-p 00000000 00:00 0 
7f4fbc021000-7f4fc0000000 ---p 00000000 00:00 0 
7f4fc0000000-7f4fc054e000 rw-p 00000000 00:00 0 
7f4fc054e000-7f4fc4000000 ---p 00000000 00:00 0 
7f4fc4000000-7f4fc4021000 rw-p 00000000 00:00 0 
7f4fc4021000-7f4fc8000000 ---p 00000000 00:00 0 
7f4fc8000000-7f4fc8021000 rw-p 00000000 00:00 0 
7f4fc8021000-7f4fcc000000 ---p 00000000 00:00 0 
7f4fcc000000-7f4fcda59000 rw-p 00000000 00:00 0 
7f4fcda59000-7f4fd0000000 ---p 00000000 00:00 0 
7f4fd0000000-7f4fd0021000 rw-p 00000000 00:00 0 
7f4fd0021000-7f4fd4000000 ---p 00000000 00:00 0 
7f4fd4000000-7f4fd4021000 rw-p 00000000 00:00 0 
7f4fd4021000-7f4fd8000000 ---p 00000000 00:00 0 
7f4fd8000000-7f4fd8238000 rw-p 00000000 00:00 0 
7f4fd8238000-7f4fdc000000 ---p 00000000 00:00 0 
7f4fdc000000-7f4fdc021000 rw-p 00000000 00:00 0 
7f4fdc021000-7f4fe0000000 ---p 00000000 00:00 0 
7f4fe0097000-7f4fe009b000 ---p 00000000 00:00 0 
7f4fe009b000-7f4fe0198000 rw-p 00000000 00:00 0 
7f4fe0204000-7f4fe0208000 ---p 00000000 00:00 0 
7f4fe0208000-7f4fe0505000 rw-p 00000000 00:00 0 
7f4fe0505000-7f4fe0705000 rw-p 00000000 00:00 0 
7f4fe0705000-7f4fe0709000 ---p 00000000 00:00 0 
7f4fe0709000-7f4fe0806000 rw-p 00000000 00:00 0 
7f4fe0806000-7f4fe080a000 ---p 00000000 00:00 0 
7f4fe080a000-7f4fe0907000 rw-p 00000000 00:00 0 
7f4fe0907000-7f4fe090b000 ---p 00000000 00:00 0 
7f4fe090b000-7f4fe0a08000 rw-p 00000000 00:00 0 
7f4fe0a08000-7f4fe0a0c000 ---p 00000000 00:00 0 
7f4fe0a0c000-7f4fe0b09000 rw-p 00000000 00:00 0 
7f4fe0b09000-7f4fe0b0d000 ---p 00000000 00:00 0 
7f4fe0b0d000-7f4fe0c0a000 rw-p 00000000 00:00 0 
7f4fe0c0a000-7f4fe0c0e000 ---p 00000000 00:00 0 
7f4fe0c0e000-7f4fe0f0b000 rw-p 00000000 00:00 0 
7f4fe0f0b000-7f4fe0f0f000 ---p 00000000 00:00 0 
7f4fe0f0f000-7f4fe100c000 rw-p 00000000 00:00 0 
7f4fe100c000-7f4fe1010000 ---p 00000000 00:00 0 
7f4fe1010000-7f4fe110d000 rw-p 00000000 00:00 0 
7f4fe110d000-7f4fe1111000 ---p 00000000 00:00 0 
7f4fe1111000-7f4fe120e000 rw-p 00000000 00:00 0 
7f4fe120e000-7f4fe1212000 ---p 00000000 00:00 0 
7f4fe1212000-7f4fe130f000 rw-p 00000000 00:00 0 
7f4fe130f000-7f4fe1313000 ---p 00000000 00:00 0 
7f4fe1313000-7f4fe1410000 rw-p 00000000 00:00 0 
7f4fe1410000-7f4fe1414000 ---p 00000000 00:00 0 
7f4fe1414000-7f4fe1511000 rw-p 00000000 00:00 0 
7f4fe1511000-7f4fe1513000 r-xp 00000000 08:02 527665                     /home/eduardo/.sdkman/candidates/java/11.0.4.hs-adpt/lib/libextnet.so
7f4fe1513000-7f4fe1712000 ---p 00002000 08:02 527665                     /home/eduardo/.sdkman/candidates/java/11.0.4.hs-adpt/lib/libextnet.so
7f4fe1712000-7f4fe1713000 r--p 00001000 08:02 527665                     /home/eduardo/.sdkman/candidates/java/11.0.4.hs-adpt/lib/libextnet.so
7f4fe1713000-7f4fe1714000 rw-p 00002000 08:02 527665                     /home/eduardo/.sdkman/candidates/java/11.0.4.hs-adpt/lib/libextnet.so
7f4fe1714000-7f4fe1914000 rw-p 00000000 00:00 0 
7f4fe1914000-7f4fe1918000 ---p 00000000 00:00 0 
7f4fe1918000-7f4fe1a15000 rw-p 00000000 00:00 0 
7f4fe1a15000-7f4fe1a1b000 r-xp 00000000 08:02 527647                     /home/eduardo/.sdkman/candidates/java/11.0.4.hs-adpt/lib/libmanagement_ext.so
7f4fe1a1b000-7f4fe1c1a000 ---p 00006000 08:02 527647                     /home/eduardo/.sdkman/candidates/java/11.0.4.hs-adpt/lib/libmanagement_ext.so
7f4fe1c1a000-7f4fe1c1b000 r--p 00005000 08:02 527647                     /home/eduardo/.sdkman/candidates/java/11.0.4.hs-adpt/lib/libmanagement_ext.so
7f4fe1c1b000-7f4fe1c1c000 rw-p 00006000 08:02 527647                     /home/eduardo/.sdkman/candidates/java/11.0.4.hs-adpt/lib/libmanagement_ext.so
7f4fe1c1c000-7f4fe1c20000 r-xp 00000000 08:02 527680                     /home/eduardo/.sdkman/candidates/java/11.0.4.hs-adpt/lib/libmanagement.so
7f4fe1c20000-7f4fe1e20000 ---p 00004000 08:02 527680                     /home/eduardo/.sdkman/candidates/java/11.0.4.hs-adpt/lib/libmanagement.so
7f4fe1e20000-7f4fe1e21000 r--p 00004000 08:02 527680                     /home/eduardo/.sdkman/candidates/java/11.0.4.hs-adpt/lib/libmanagement.so
7f4fe1e21000-7f4fe1e22000 rw-p 00005000 08:02 527680                     /home/eduardo/.sdkman/candidates/java/11.0.4.hs-adpt/lib/libmanagement.so
7f4fe1e22000-7f4fe2022000 rw-p 00000000 00:00 0 
7f4fe2022000-7f4fe2023000 ---p 00000000 00:00 0 
7f4fe2023000-7f4fe2124000 rw-p 00000000 00:00 0 
7f4fe2124000-7f4fe2125000 ---p 00000000 00:00 0 
7f4fe2125000-7f4fe2226000 rw-p 00000000 00:00 0 
7f4fe2226000-7f4fe2227000 ---p 00000000 00:00 0 
7f4fe2227000-7f4fe2528000 rw-p 00000000 00:00 0 
7f4fe2528000-7f4fe253f000 r-xp 00000000 08:02 1573169                    /lib/x86_64-linux-gnu/libgcc_s.so.1
7f4fe253f000-7f4fe273e000 ---p 00017000 08:02 1573169                    /lib/x86_64-linux-gnu/libgcc_s.so.1
7f4fe273e000-7f4fe273f000 r--p 00016000 08:02 1573169                    /lib/x86_64-linux-gnu/libgcc_s.so.1
7f4fe273f000-7f4fe2740000 rw-p 00017000 08:02 1573169                    /lib/x86_64-linux-gnu/libgcc_s.so.1
7f4fe2740000-7f4fe28b9000 r-xp 00000000 08:02 3672945                    /usr/lib/x86_64-linux-gnu/libstdc++.so.6.0.25
7f4fe28b9000-7f4fe2ab9000 ---p 00179000 08:02 3672945                    /usr/lib/x86_64-linux-gnu/libstdc++.so.6.0.25
7f4fe2ab9000-7f4fe2ac3000 r--p 00179000 08:02 3672945                    /usr/lib/x86_64-linux-gnu/libstdc++.so.6.0.25
7f4fe2ac3000-7f4fe2ac5000 rw-p 00183000 08:02 3672945                    /usr/lib/x86_64-linux-gnu/libstdc++.so.6.0.25
7f4fe2ac5000-7f4fe2ac9000 rw-p 00000000 00:00 0 
7f4fe2ac9000-7f4fe2acf000 r-xp 00000000 08:02 682912                     /home/eduardo/.gradle/native/29/linux-amd64/libnative-platform.so
7f4fe2acf000-7f4fe2cce000 ---p 00006000 08:02 682912                     /home/eduardo/.gradle/native/29/linux-amd64/libnative-platform.so
7f4fe2cce000-7f4fe2ccf000 rw-p 00005000 08:02 682912                     /home/eduardo/.gradle/native/29/linux-amd64/libnative-platform.so
7f4fe2ccf000-7f4fe2ce6000 r-xp 00000000 08:02 527675                     /home/eduardo/.sdkman/candidates/java/11.0.4.hs-adpt/lib/libnet.so
7f4fe2ce6000-7f4fe2ee5000 ---p 00017000 08:02 527675                     /home/eduardo/.sdkman/candidates/java/11.0.4.hs-adpt/lib/libnet.so
7f4fe2ee5000-7f4fe2ee6000 r--p 00016000 08:02 527675                     /home/eduardo/.sdkman/candidates/java/11.0.4.hs-adpt/lib/libnet.so
7f4fe2ee6000-7f4fe2ee7000 rw-p 00017000 08:02 527675                     /home/eduardo/.sdkman/candidates/java/11.0.4.hs-adpt/lib/libnet.so
7f4fe2ee7000-7f4fe2ef7000 r-xp 00000000 08:02 527642                     /home/eduardo/.sdkman/candidates/java/11.0.4.hs-adpt/lib/libnio.so
7f4fe2ef7000-7f4fe30f6000 ---p 00010000 08:02 527642                     /home/eduardo/.sdkman/candidates/java/11.0.4.hs-adpt/lib/libnio.so
7f4fe30f6000-7f4fe30f7000 r--p 0000f000 08:02 527642                     /home/eduardo/.sdkman/candidates/java/11.0.4.hs-adpt/lib/libnio.so
7f4fe30f7000-7f4fe30f8000 rw-p 00010000 08:02 527642                     /home/eduardo/.sdkman/candidates/java/11.0.4.hs-adpt/lib/libnio.so
7f4fe30f8000-7f4fe30f9000 ---p 00000000 00:00 0 
7f4fe30f9000-7f4fe31fa000 rw-p 00000000 00:00 0 
7f4fe31fa000-7f4fe31fe000 ---p 00000000 00:00 0 
7f4fe31fe000-7f4fe32fb000 rw-p 00000000 00:00 0 
7f4fe32fb000-7f4fe32ff000 ---p 00000000 00:00 0 
7f4fe32ff000-7f4fe33fc000 rw-p 00000000 00:00 0 
7f4fe33fc000-7f4fe3400000 ---p 00000000 00:00 0 
7f4fe3400000-7f4fe34fd000 rw-p 00000000 00:00 0 
7f4fe34fd000-7f4fe3501000 ---p 00000000 00:00 0 
7f4fe3501000-7f4fe35fe000 rw-p 00000000 00:00 0 
7f4fe35fe000-7f4fe3602000 ---p 00000000 00:00 0 
7f4fe3602000-7f4fe36ff000 rw-p 00000000 00:00 0 
7f4fe36ff000-7f4fe3703000 ---p 00000000 00:00 0 
7f4fe3703000-7f4fe4000000 rw-p 00000000 00:00 0 
7f4fe4000000-7f4fe4021000 rw-p 00000000 00:00 0 
7f4fe4021000-7f4fe8000000 ---p 00000000 00:00 0 
7f4fe8000000-7f4fe8021000 rw-p 00000000 00:00 0 
7f4fe8021000-7f4fec000000 ---p 00000000 00:00 0 
7f4fec000000-7f4fec021000 rw-p 00000000 00:00 0 
7f4fec021000-7f4ff0000000 ---p 00000000 00:00 0 
7f4ff0090000-7f4ff036f000 r--p 00000000 08:02 3683836                    /usr/lib/locale/locale-archive
7f4ff036f000-7f4ff0373000 ---p 00000000 00:00 0 
7f4ff0373000-7f4ff0470000 rw-p 00000000 00:00 0 
7f4ff0470000-7f4ff0474000 ---p 00000000 00:00 0 
7f4ff0474000-7f4ff0571000 rw-p 00000000 00:00 0 
7f4ff0571000-7f4ff0572000 ---p 00000000 00:00 0 
7f4ff0572000-7f4ff06f4000 rw-p 00000000 00:00 0 
7f4ff06f4000-7f4ff06f5000 ---p 00000000 00:00 0 
7f4ff06f5000-7f4ff07f6000 rw-p 00000000 00:00 0 
7f4ff07f6000-7f4ff07f7000 ---p 00000000 00:00 0 
7f4ff07f7000-7f4ff2cfc000 rw-p 00000000 00:00 0 
7f4ff2cfc000-7f4ff2cfd000 ---p 00000000 00:00 0 
7f4ff2cfd000-7f4ff2dfe000 rw-p 00000000 00:00 0 
7f4ff2dfe000-7f4ff2dff000 ---p 00000000 00:00 0 
7f4ff2dff000-7f4ff3300000 rw-p 00000000 00:00 0 
7f4ff3300000-7f4ff3700000 ---p 00000000 00:00 0 
7f4ff3700000-7f4ff3b00000 rw-p 00000000 00:00 0 
7f4ff3b00000-7f4ff3f00000 ---p 00000000 00:00 0 
7f4ff3f00000-7f4ff3f80000 rw-p 00000000 00:00 0 
7f4ff3f80000-7f4ff4000000 ---p 00000000 00:00 0 
7f4ff4000000-7f4ff4021000 rw-p 00000000 00:00 0 
7f4ff4021000-7f4ff8000000 ---p 00000000 00:00 0 
7f4ff807b000-7f4ff80fb000 rw-p 00000000 00:00 0 
7f4ff80fb000-7f4ff817b000 ---p 00000000 00:00 0 
7f4ff817b000-7f4ff81fb000 rw-p 00000000 00:00 0 
7f4ff81fb000-7f4ff827b000 ---p 00000000 00:00 0 
7f4ff827b000-7f4ff867f000 rw-p 00000000 00:00 0 
7f4ff867f000-7f4ff8680000 ---p 00000000 00:00 0 
7f4ff8680000-7f4ff8786000 rw-p 00000000 00:00 0 
7f4ff8786000-7f4ff886c000 ---p 00000000 00:00 0 
7f4ff886c000-7f4ff887d000 rw-p 00000000 00:00 0 
7f4ff887d000-7f4ff8957000 ---p 00000000 00:00 0 
7f4ff8957000-7f4ff8bc7000 rwxp 00000000 00:00 0 
7f4ff8bc7000-7f4ff8ee7000 ---p 00000000 00:00 0 
7f4ff8ee7000-7f4ff9737000 rwxp 00000000 00:00 0 
7f4ff9737000-7f500041f000 ---p 00000000 00:00 0 
7f500041f000-7f500068f000 rwxp 00000000 00:00 0 
7f500068f000-7f5007957000 ---p 00000000 00:00 0 
7f5007957000-7f5010000000 r--s 00000000 08:02 527674                     /home/eduardo/.sdkman/candidates/java/11.0.4.hs-adpt/lib/modules
7f5010000000-7f5011209000 rw-p 00000000 00:00 0 
7f5011209000-7f5014000000 ---p 00000000 00:00 0 
7f501400e000-7f5014012000 ---p 00000000 00:00 0 
7f5014012000-7f5014030000 rw-p 00000000 00:00 0 
7f5014030000-7f501404b000 r-xp 00000000 08:02 527629                     /home/eduardo/.sdkman/candidates/java/11.0.4.hs-adpt/lib/libjimage.so
7f501404b000-7f501424b000 ---p 0001b000 08:02 527629                     /home/eduardo/.sdkman/candidates/java/11.0.4.hs-adpt/lib/libjimage.so
7f501424b000-7f501424d000 r--p 0001b000 08:02 527629                     /home/eduardo/.sdkman/candidates/java/11.0.4.hs-adpt/lib/libjimage.so
7f501424d000-7f501424e000 rw-p 0001d000 08:02 527629                     /home/eduardo/.sdkman/candidates/java/11.0.4.hs-adpt/lib/libjimage.so
7f501424e000-7f5014255000 r-xp 00000000 08:02 527656                     /home/eduardo/.sdkman/candidates/java/11.0.4.hs-adpt/lib/libzip.so
7f5014255000-7f5014454000 ---p 00007000 08:02 527656                     /home/eduardo/.sdkman/candidates/java/11.0.4.hs-adpt/lib/libzip.so
7f5014454000-7f5014455000 r--p 00006000 08:02 527656                     /home/eduardo/.sdkman/candidates/java/11.0.4.hs-adpt/lib/libzip.so
7f5014455000-7f5014456000 rw-p 00007000 08:02 527656                     /home/eduardo/.sdkman/candidates/java/11.0.4.hs-adpt/lib/libzip.so
7f5014456000-7f5014461000 r-xp 00000000 08:02 1577791                    /lib/x86_64-linux-gnu/libnss_files-2.27.so
7f5014461000-7f5014660000 ---p 0000b000 08:02 1577791                    /lib/x86_64-linux-gnu/libnss_files-2.27.so
7f5014660000-7f5014661000 r--p 0000a000 08:02 1577791                    /lib/x86_64-linux-gnu/libnss_files-2.27.so
7f5014661000-7f5014662000 rw-p 0000b000 08:02 1577791                    /lib/x86_64-linux-gnu/libnss_files-2.27.so
7f5014662000-7f5014668000 rw-p 00000000 00:00 0 
7f5014668000-7f501467f000 r-xp 00000000 08:02 1577785                    /lib/x86_64-linux-gnu/libnsl-2.27.so
7f501467f000-7f501487e000 ---p 00017000 08:02 1577785                    /lib/x86_64-linux-gnu/libnsl-2.27.so
7f501487e000-7f501487f000 r--p 00016000 08:02 1577785                    /lib/x86_64-linux-gnu/libnsl-2.27.so
7f501487f000-7f5014880000 rw-p 00017000 08:02 1577785                    /lib/x86_64-linux-gnu/libnsl-2.27.so
7f5014880000-7f5014882000 rw-p 00000000 00:00 0 
7f5014882000-7f501488d000 r-xp 00000000 08:02 1577802                    /lib/x86_64-linux-gnu/libnss_nis-2.27.so
7f501488d000-7f5014a8c000 ---p 0000b000 08:02 1577802                    /lib/x86_64-linux-gnu/libnss_nis-2.27.so
7f5014a8c000-7f5014a8d000 r--p 0000a000 08:02 1577802                    /lib/x86_64-linux-gnu/libnss_nis-2.27.so
7f5014a8d000-7f5014a8e000 rw-p 0000b000 08:02 1577802                    /lib/x86_64-linux-gnu/libnss_nis-2.27.so
7f5014a8e000-7f5014a96000 r-xp 00000000 08:02 1577787                    /lib/x86_64-linux-gnu/libnss_compat-2.27.so
7f5014a96000-7f5014c96000 ---p 00008000 08:02 1577787                    /lib/x86_64-linux-gnu/libnss_compat-2.27.so
7f5014c96000-7f5014c97000 r--p 00008000 08:02 1577787                    /lib/x86_64-linux-gnu/libnss_compat-2.27.so
7f5014c97000-7f5014c98000 rw-p 00009000 08:02 1577787                    /lib/x86_64-linux-gnu/libnss_compat-2.27.so
7f5014c98000-7f5014cc2000 r-xp 00000000 08:02 527627                     /home/eduardo/.sdkman/candidates/java/11.0.4.hs-adpt/lib/libjava.so
7f5014cc2000-7f5014ec1000 ---p 0002a000 08:02 527627                     /home/eduardo/.sdkman/candidates/java/11.0.4.hs-adpt/lib/libjava.so
7f5014ec1000-7f5014ec2000 r--p 00029000 08:02 527627                     /home/eduardo/.sdkman/candidates/java/11.0.4.hs-adpt/lib/libjava.so
7f5014ec2000-7f5014ec4000 rw-p 0002a000 08:02 527627                     /home/eduardo/.sdkman/candidates/java/11.0.4.hs-adpt/lib/libjava.so
7f5014ec4000-7f5014ed5000 r-xp 00000000 08:02 527678                     /home/eduardo/.sdkman/candidates/java/11.0.4.hs-adpt/lib/libverify.so
7f5014ed5000-7f50150d4000 ---p 00011000 08:02 527678                     /home/eduardo/.sdkman/candidates/java/11.0.4.hs-adpt/lib/libverify.so
7f50150d4000-7f50150d6000 r--p 00010000 08:02 527678                     /home/eduardo/.sdkman/candidates/java/11.0.4.hs-adpt/lib/libverify.so
7f50150d6000-7f50150d7000 rw-p 00012000 08:02 527678                     /home/eduardo/.sdkman/candidates/java/11.0.4.hs-adpt/lib/libverify.so
7f50150d7000-7f50150de000 r-xp 00000000 08:02 1577842                    /lib/x86_64-linux-gnu/librt-2.27.so
7f50150de000-7f50152dd000 ---p 00007000 08:02 1577842                    /lib/x86_64-linux-gnu/librt-2.27.so
7f50152dd000-7f50152de000 r--p 00006000 08:02 1577842                    /lib/x86_64-linux-gnu/librt-2.27.so
7f50152de000-7f50152df000 rw-p 00007000 08:02 1577842                    /lib/x86_64-linux-gnu/librt-2.27.so
7f50152df000-7f501547c000 r-xp 00000000 08:02 1577764                    /lib/x86_64-linux-gnu/libm-2.27.so
7f501547c000-7f501567b000 ---p 0019d000 08:02 1577764                    /lib/x86_64-linux-gnu/libm-2.27.so
7f501567b000-7f501567c000 r--p 0019c000 08:02 1577764                    /lib/x86_64-linux-gnu/libm-2.27.so
7f501567c000-7f501567d000 rw-p 0019d000 08:02 1577764                    /lib/x86_64-linux-gnu/libm-2.27.so
7f501567d000-7f50167b0000 r-xp 00000000 08:02 527658                     /home/eduardo/.sdkman/candidates/java/11.0.4.hs-adpt/lib/server/libjvm.so
7f50167b0000-7f50169af000 ---p 01133000 08:02 527658                     /home/eduardo/.sdkman/candidates/java/11.0.4.hs-adpt/lib/server/libjvm.so
7f50169af000-7f5016a6e000 r--p 01132000 08:02 527658                     /home/eduardo/.sdkman/candidates/java/11.0.4.hs-adpt/lib/server/libjvm.so
7f5016a6e000-7f5016aa7000 rw-p 011f1000 08:02 527658                     /home/eduardo/.sdkman/candidates/java/11.0.4.hs-adpt/lib/server/libjvm.so
7f5016aa7000-7f5016afe000 rw-p 00000000 00:00 0 
7f5016afe000-7f5016ce5000 r-xp 00000000 08:02 1577701                    /lib/x86_64-linux-gnu/libc-2.27.so
7f5016ce5000-7f5016ee5000 ---p 001e7000 08:02 1577701                    /lib/x86_64-linux-gnu/libc-2.27.so
7f5016ee5000-7f5016ee9000 r--p 001e7000 08:02 1577701                    /lib/x86_64-linux-gnu/libc-2.27.so
7f5016ee9000-7f5016eeb000 rw-p 001eb000 08:02 1577701                    /lib/x86_64-linux-gnu/libc-2.27.so
7f5016eeb000-7f5016eef000 rw-p 00000000 00:00 0 
7f5016eef000-7f5016ef2000 r-xp 00000000 08:02 1577724                    /lib/x86_64-linux-gnu/libdl-2.27.so
7f5016ef2000-7f50170f1000 ---p 00003000 08:02 1577724                    /lib/x86_64-linux-gnu/libdl-2.27.so
7f50170f1000-7f50170f2000 r--p 00002000 08:02 1577724                    /lib/x86_64-linux-gnu/libdl-2.27.so
7f50170f2000-7f50170f3000 rw-p 00003000 08:02 1577724                    /lib/x86_64-linux-gnu/libdl-2.27.so
7f50170f3000-7f5017103000 r-xp 00000000 08:02 527643                     /home/eduardo/.sdkman/candidates/java/11.0.4.hs-adpt/lib/jli/libjli.so
7f5017103000-7f5017302000 ---p 00010000 08:02 527643                     /home/eduardo/.sdkman/candidates/java/11.0.4.hs-adpt/lib/jli/libjli.so
7f5017302000-7f5017303000 r--p 0000f000 08:02 527643                     /home/eduardo/.sdkman/candidates/java/11.0.4.hs-adpt/lib/jli/libjli.so
7f5017303000-7f5017304000 rw-p 00010000 08:02 527643                     /home/eduardo/.sdkman/candidates/java/11.0.4.hs-adpt/lib/jli/libjli.so
7f5017304000-7f501731e000 r-xp 00000000 08:02 1577834                    /lib/x86_64-linux-gnu/libpthread-2.27.so
7f501731e000-7f501751d000 ---p 0001a000 08:02 1577834                    /lib/x86_64-linux-gnu/libpthread-2.27.so
7f501751d000-7f501751e000 r--p 00019000 08:02 1577834                    /lib/x86_64-linux-gnu/libpthread-2.27.so
7f501751e000-7f501751f000 rw-p 0001a000 08:02 1577834                    /lib/x86_64-linux-gnu/libpthread-2.27.so
7f501751f000-7f5017523000 rw-p 00000000 00:00 0 
7f5017523000-7f501753f000 r-xp 00000000 08:02 1577873                    /lib/x86_64-linux-gnu/libz.so.1.2.11
7f501753f000-7f501773e000 ---p 0001c000 08:02 1577873                    /lib/x86_64-linux-gnu/libz.so.1.2.11
7f501773e000-7f501773f000 r--p 0001b000 08:02 1577873                    /lib/x86_64-linux-gnu/libz.so.1.2.11
7f501773f000-7f5017740000 rw-p 0001c000 08:02 1577873                    /lib/x86_64-linux-gnu/libz.so.1.2.11
7f5017740000-7f5017767000 r-xp 00000000 08:02 1577673                    /lib/x86_64-linux-gnu/ld-2.27.so
7f5017779000-7f5017780000 r--s 00000000 08:02 3934687                    /usr/lib/x86_64-linux-gnu/gconv/gconv-modules.cache
7f5017780000-7f5017846000 rw-p 00000000 00:00 0 
7f5017846000-7f501784a000 ---p 00000000 00:00 0 
7f501784a000-7f5017949000 rw-p 00000000 00:00 0 
7f501794f000-7f5017954000 rw-p 00000000 00:00 0 
7f5017954000-7f501795b000 ---p 00000000 00:00 0 
7f501795b000-7f5017963000 rw-s 00000000 08:02 4727234                    /tmp/hsperfdata_eduardo/29073
7f5017963000-7f5017964000 ---p 00000000 00:00 0 
7f5017964000-7f5017965000 r--p 00000000 00:00 0 
7f5017965000-7f5017967000 rw-p 00000000 00:00 0 
7f5017967000-7f5017968000 r--p 00027000 08:02 1577673                    /lib/x86_64-linux-gnu/ld-2.27.so
7f5017968000-7f5017969000 rw-p 00028000 08:02 1577673                    /lib/x86_64-linux-gnu/ld-2.27.so
7f5017969000-7f501796a000 rw-p 00000000 00:00 0 
7ffc0eca3000-7ffc0ecc5000 rw-p 00000000 00:00 0                          [stack]
7ffc0edcc000-7ffc0edcf000 r--p 00000000 00:00 0                          [vvar]
7ffc0edcf000-7ffc0edd1000 r-xp 00000000 00:00 0                          [vdso]
ffffffffff600000-ffffffffff601000 r-xp 00000000 00:00 0                  [vsyscall]


VM Arguments:
jvm_args: --add-opens=java.base/java.util=ALL-UNNAMED --add-opens=java.base/java.lang=ALL-UNNAMED --add-opens=java.base/java.lang.invoke=ALL-UNNAMED --add-opens=java.prefs/java.util.prefs=ALL-UNNAMED -XX:MaxMetaspaceSize=256m -XX:+HeapDumpOnOutOfMemoryError -Xms256m -Xmx512m -Dfile.encoding=UTF-8 -Duser.country=US -Duser.language=en -Duser.variant 
java_command: org.gradle.launcher.daemon.bootstrap.GradleDaemon 5.5
java_class_path (initial): /home/eduardo/.gradle/wrapper/dists/gradle-5.5-all/byeise1led9a3w3p149d02kfj/gradle-5.5/lib/gradle-launcher-5.5.jar
Launcher Type: SUN_STANDARD

[Global flags]
     intx CICompilerCount                          = 3                                         {product} {ergonomic}
   size_t CompressedClassSpaceSize                 = 260046848                                 {product} {ergonomic}
     uint ConcGCThreads                            = 1                                         {product} {ergonomic}
     uint G1ConcRefinementThreads                  = 4                                         {product} {ergonomic}
   size_t G1HeapRegionSize                         = 1048576                                   {product} {ergonomic}
    uintx GCDrainStackTargetSize                   = 64                                        {product} {ergonomic}
     bool HeapDumpOnOutOfMemoryError               = true                                   {manageable} {command line}
   size_t InitialHeapSize                          = 268435456                                 {product} {command line}
   size_t MarkStackSize                            = 4194304                                   {product} {ergonomic}
   size_t MaxHeapSize                              = 536870912                                 {product} {command line}
   size_t MaxMetaspaceSize                         = 268435456                                 {product} {command line}
   size_t MaxNewSize                               = 321912832                                 {product} {ergonomic}
   size_t MinHeapDeltaBytes                        = 1048576                                   {product} {ergonomic}
    uintx NonNMethodCodeHeapSize                   = 5830092                                {pd product} {ergonomic}
    uintx NonProfiledCodeHeapSize                  = 122914074                              {pd product} {ergonomic}
    uintx ProfiledCodeHeapSize                     = 122914074                              {pd product} {ergonomic}
    uintx ReservedCodeCacheSize                    = 251658240                              {pd product} {ergonomic}
     bool SegmentedCodeCache                       = true                                      {product} {ergonomic}
     bool UseCompressedClassPointers               = true                                 {lp64_product} {ergonomic}
     bool UseCompressedOops                        = true                                 {lp64_product} {ergonomic}
     bool UseG1GC                                  = true                                      {product} {ergonomic}

Logging:
Log output configuration:
 #0: stdout all=warning uptime,level,tags
 #1: stderr all=off uptime,level,tags

Environment Variables:
JAVA_HOME=/home/eduardo/.sdkman/candidates/java/current
PATH=/home/eduardo/.sdkman/candidates/kscript/current/bin:/home/eduardo/.sdkman/candidates/kotlin/current/bin:/home/eduardo/.sdkman/candidates/java/current/bin:/home/eduardo/.sdkman/candidates/gradle/current/bin:/home/eduardo/.local/bin:/usr/local/sbin:/usr/local/bin:/usr/sbin:/usr/bin:/sbin:/bin:/usr/games:/usr/local/games:/snap/bin:/home/eduardo/Android/Sdk/tools:/home/eduardo/Android/Sdk/platform-tools
USERNAME=eduardo
SHELL=/usr/bin/zsh
DISPLAY=:0

Signal Handlers:
SIGSEGV: [libjvm.so+0xe23a80], sa_mask[0]=11111111011111111101111111111110, sa_flags=SA_RESTART|SA_SIGINFO
SIGBUS: [libjvm.so+0xe23a80], sa_mask[0]=11111111011111111101111111111110, sa_flags=SA_RESTART|SA_SIGINFO
SIGFPE: [libjvm.so+0xe23a80], sa_mask[0]=11111111011111111101111111111110, sa_flags=SA_RESTART|SA_SIGINFO
SIGPIPE: [libjvm.so+0xbf7430], sa_mask[0]=11111111011111111101111111111110, sa_flags=SA_RESTART|SA_SIGINFO
SIGXFSZ: [libjvm.so+0xbf7430], sa_mask[0]=11111111011111111101111111111110, sa_flags=SA_RESTART|SA_SIGINFO
SIGILL: [libjvm.so+0xe23a80], sa_mask[0]=11111111011111111101111111111110, sa_flags=SA_RESTART|SA_SIGINFO
SIGUSR2: [libjvm.so+0xbf72d0], sa_mask[0]=00100000000000000000000000000000, sa_flags=SA_RESTART|SA_SIGINFO
SIGHUP: [libjvm.so+0xbf7630], sa_mask[0]=11111111011111111101111111111110, sa_flags=SA_RESTART|SA_SIGINFO
SIGINT: [libjvm.so+0xbf7630], sa_mask[0]=11111111011111111101111111111110, sa_flags=SA_RESTART|SA_SIGINFO
SIGTERM: [libjvm.so+0xbf7630], sa_mask[0]=11111111011111111101111111111110, sa_flags=SA_RESTART|SA_SIGINFO
SIGQUIT: [libjvm.so+0xbf7630], sa_mask[0]=11111111011111111101111111111110, sa_flags=SA_RESTART|SA_SIGINFO


---------------  S Y S T E M  ---------------

OS:DISTRIB_ID=Ubuntu
DISTRIB_RELEASE=18.04
DISTRIB_CODENAME=bionic
DISTRIB_DESCRIPTION="Ubuntu 18.04.3 LTS"
uname:Linux 4.15.0-62-generic #69-Ubuntu SMP Wed Sep 4 20:55:53 UTC 2019 x86_64
libc:glibc 2.27 NPTL 2.27 
rlimit: STACK 8192k, CORE 0k, NPROC 22458, NOFILE 1048576, AS infinity, DATA infinity, FSIZE infinity
load average:60,99 26,30 14,51

/proc/meminfo:
MemTotal:        5979500 kB
MemFree:          113852 kB
MemAvailable:      40724 kB
Buffers:             476 kB
Cached:           347696 kB
SwapCached:         2856 kB
Active:          4674464 kB
Inactive:         698608 kB
Active(anon):    4670052 kB
Inactive(anon):   687892 kB
Active(file):       4412 kB
Inactive(file):    10716 kB
Unevictable:         128 kB
Mlocked:             128 kB
SwapTotal:       2097148 kB
SwapFree:              0 kB
Dirty:                52 kB
Writeback:             0 kB
AnonPages:       5023808 kB
Mapped:            89192 kB
Shmem:            332912 kB
Slab:             225348 kB
SReclaimable:      92172 kB
SUnreclaim:       133176 kB
KernelStack:       22480 kB
PageTables:       115528 kB
NFS_Unstable:          0 kB
Bounce:                0 kB
WritebackTmp:          0 kB
CommitLimit:     5086896 kB
Committed_AS:   19316320 kB
VmallocTotal:   34359738367 kB
VmallocUsed:           0 kB
VmallocChunk:          0 kB
HardwareCorrupted:     0 kB
AnonHugePages:         0 kB
ShmemHugePages:        0 kB
ShmemPmdMapped:        0 kB
CmaTotal:              0 kB
CmaFree:               0 kB
HugePages_Total:       0
HugePages_Free:        0
HugePages_Rsvd:        0
HugePages_Surp:        0
Hugepagesize:       2048 kB
DirectMap4k:     1118400 kB
DirectMap2M:     5048320 kB


/proc/sys/kernel/threads-max (system-wide limit on the number of threads):
44917


/proc/sys/vm/max_map_count (maximum number of memory map areas a process may have):
65530


/proc/sys/kernel/pid_max (system-wide limit on number of process identifiers):
32768



container (cgroup) information:
container_type: cgroupv1
cpu_cpuset_cpus: 0-3
cpu_memory_nodes: 0
active_processor_count: 4
cpu_quota: -1
cpu_period: 100000
cpu_shares: -1
memory_limit_in_bytes: -1
memory_and_swap_limit_in_bytes: -2
memory_soft_limit_in_bytes: -1
memory_usage_in_bytes: 5707505664
memory_max_usage_in_bytes: 5737013248

Steal ticks since vm start: 0
Steal ticks percentage since vm start:  0,000

CPU:total 4 (initial active 4) (2 cores per cpu, 2 threads per core) family 6 model 58 stepping 9, cmov, cx8, fxsr, mmx, sse, sse2, sse3, ssse3, sse4.1, sse4.2, popcnt, avx, clmul, erms, ht, tsc, tscinvbit, tscinv
CPU Model and flags from /proc/cpuinfo:
model name	: Intel(R) Core(TM) i5-3210M CPU @ 2.50GHz
flags		: fpu vme de pse tsc msr pae mce cx8 apic sep mtrr pge mca cmov pat pse36 clflush dts acpi mmx fxsr sse sse2 ss ht tm pbe syscall nx rdtscp lm constant_tsc arch_perfmon pebs bts rep_good nopl xtopology nonstop_tsc cpuid aperfmperf pni pclmulqdq dtes64 monitor ds_cpl vmx est tm2 ssse3 cx16 xtpr pdcm pcid sse4_1 sse4_2 x2apic popcnt tsc_deadline_timer xsave avx f16c rdrand lahf_lm cpuid_fault epb pti ssbd ibrs ibpb stibp tpr_shadow vnmi flexpriority ept vpid fsgsbase smep erms xsaveopt dtherm ida arat pln pts md_clear flush_l1d

Memory: 4k page, physical 5979500k(104280k free), swap 2097148k(0k free)

vm_info: OpenJDK 64-Bit Server VM (11.0.4+11) for linux-amd64 JRE (11.0.4+11), built on Jul 18 2019 11:46:39 by "jenkins" with gcc 7.3.1 20180303 (Red Hat 7.3.1-5)

END.
